mode: set
github.com/pingcap/pd/server/schedulers/metrics.go:66.13,73.2 6 1
github.com/pingcap/pd/server/schedulers/shuffle_leader.go:21.13,22.138 1 1
github.com/pingcap/pd/server/schedulers/shuffle_leader.go:22.138,24.3 1 1
github.com/pingcap/pd/server/schedulers/shuffle_leader.go:34.94,43.2 3 1
github.com/pingcap/pd/server/schedulers/shuffle_leader.go:45.51,47.2 1 1
github.com/pingcap/pd/server/schedulers/shuffle_leader.go:49.51,51.2 1 0
github.com/pingcap/pd/server/schedulers/shuffle_leader.go:53.83,55.2 1 0
github.com/pingcap/pd/server/schedulers/shuffle_leader.go:57.90,64.24 4 1
github.com/pingcap/pd/server/schedulers/shuffle_leader.go:68.2,69.19 2 1
github.com/pingcap/pd/server/schedulers/shuffle_leader.go:73.2,76.33 4 1
github.com/pingcap/pd/server/schedulers/shuffle_leader.go:64.24,67.3 2 1
github.com/pingcap/pd/server/schedulers/shuffle_leader.go:69.19,72.3 2 0
github.com/pingcap/pd/server/schedulers/transfer-region.go:11.14,12.151 1 1
github.com/pingcap/pd/server/schedulers/transfer-region.go:12.151,13.21 1 1
github.com/pingcap/pd/server/schedulers/transfer-region.go:16.3,17.17 2 0
github.com/pingcap/pd/server/schedulers/transfer-region.go:20.3,21.17 2 0
github.com/pingcap/pd/server/schedulers/transfer-region.go:24.3,24.71 1 0
github.com/pingcap/pd/server/schedulers/transfer-region.go:13.21,15.4 1 1
github.com/pingcap/pd/server/schedulers/transfer-region.go:17.17,19.4 1 0
github.com/pingcap/pd/server/schedulers/transfer-region.go:21.17,23.4 1 0
github.com/pingcap/pd/server/schedulers/transfer-region.go:36.125,44.2 2 1
github.com/pingcap/pd/server/schedulers/transfer-region.go:46.51,48.2 1 1
github.com/pingcap/pd/server/schedulers/transfer-region.go:50.52,52.2 1 0
github.com/pingcap/pd/server/schedulers/transfer-region.go:54.84,56.2 1 0
github.com/pingcap/pd/server/schedulers/transfer-region.go:58.90,61.19 3 1
github.com/pingcap/pd/server/schedulers/transfer-region.go:65.2,66.40 2 1
github.com/pingcap/pd/server/schedulers/transfer-region.go:69.2,70.14 2 1
github.com/pingcap/pd/server/schedulers/transfer-region.go:74.2,77.16 3 1
github.com/pingcap/pd/server/schedulers/transfer-region.go:81.2,85.33 5 1
github.com/pingcap/pd/server/schedulers/transfer-region.go:61.19,64.3 2 0
github.com/pingcap/pd/server/schedulers/transfer-region.go:66.40,68.3 1 0
github.com/pingcap/pd/server/schedulers/transfer-region.go:70.14,73.3 2 0
github.com/pingcap/pd/server/schedulers/transfer-region.go:77.16,80.3 2 0
github.com/pingcap/pd/server/schedulers/balance_region.go:30.13,31.138 1 1
github.com/pingcap/pd/server/schedulers/balance_region.go:31.138,33.3 1 1
github.com/pingcap/pd/server/schedulers/balance_region.go:61.129,73.27 4 1
github.com/pingcap/pd/server/schedulers/balance_region.go:76.2,76.10 1 1
github.com/pingcap/pd/server/schedulers/balance_region.go:73.27,75.3 1 1
github.com/pingcap/pd/server/schedulers/balance_region.go:83.89,84.41 1 1
github.com/pingcap/pd/server/schedulers/balance_region.go:84.41,86.3 1 1
github.com/pingcap/pd/server/schedulers/balance_region.go:90.67,91.41 1 1
github.com/pingcap/pd/server/schedulers/balance_region.go:91.41,93.3 1 1
github.com/pingcap/pd/server/schedulers/balance_region.go:96.51,97.18 1 1
github.com/pingcap/pd/server/schedulers/balance_region.go:100.2,100.26 1 1
github.com/pingcap/pd/server/schedulers/balance_region.go:97.18,99.3 1 0
github.com/pingcap/pd/server/schedulers/balance_region.go:103.51,105.2 1 0
github.com/pingcap/pd/server/schedulers/balance_region.go:107.83,109.2 1 0
github.com/pingcap/pd/server/schedulers/balance_region.go:111.90,118.19 5 1
github.com/pingcap/pd/server/schedulers/balance_region.go:125.2,132.47 7 0
github.com/pingcap/pd/server/schedulers/balance_region.go:172.2,172.12 1 0
github.com/pingcap/pd/server/schedulers/balance_region.go:118.19,124.3 2 0
github.com/pingcap/pd/server/schedulers/balance_region.go:132.47,136.20 2 0
github.com/pingcap/pd/server/schedulers/balance_region.go:140.3,140.20 1 0
github.com/pingcap/pd/server/schedulers/balance_region.go:144.3,144.20 1 0
github.com/pingcap/pd/server/schedulers/balance_region.go:149.3,151.57 2 0
github.com/pingcap/pd/server/schedulers/balance_region.go:159.3,159.42 1 0
github.com/pingcap/pd/server/schedulers/balance_region.go:166.3,167.77 2 0
github.com/pingcap/pd/server/schedulers/balance_region.go:136.20,139.4 1 0
github.com/pingcap/pd/server/schedulers/balance_region.go:140.20,143.4 1 0
github.com/pingcap/pd/server/schedulers/balance_region.go:144.20,147.12 3 0
github.com/pingcap/pd/server/schedulers/balance_region.go:151.57,155.12 4 0
github.com/pingcap/pd/server/schedulers/balance_region.go:159.42,163.12 4 0
github.com/pingcap/pd/server/schedulers/balance_region.go:167.77,170.4 2 0
github.com/pingcap/pd/server/schedulers/balance_region.go:176.173,184.18 7 0
github.com/pingcap/pd/server/schedulers/balance_region.go:190.2,196.83 6 0
github.com/pingcap/pd/server/schedulers/balance_region.go:209.2,210.16 2 0
github.com/pingcap/pd/server/schedulers/balance_region.go:214.2,215.16 2 0
github.com/pingcap/pd/server/schedulers/balance_region.go:219.2,226.11 8 0
github.com/pingcap/pd/server/schedulers/balance_region.go:184.18,188.3 3 0
github.com/pingcap/pd/server/schedulers/balance_region.go:196.83,207.3 4 0
github.com/pingcap/pd/server/schedulers/balance_region.go:210.16,213.3 2 0
github.com/pingcap/pd/server/schedulers/balance_region.go:215.16,218.3 2 0
github.com/pingcap/pd/server/schedulers/balance_region.go:239.78,245.2 1 1
github.com/pingcap/pd/server/schedulers/balance_region.go:247.74,248.19 1 1
github.com/pingcap/pd/server/schedulers/balance_region.go:251.2,252.19 2 1
github.com/pingcap/pd/server/schedulers/balance_region.go:255.2,255.12 1 1
github.com/pingcap/pd/server/schedulers/balance_region.go:248.19,250.3 1 0
github.com/pingcap/pd/server/schedulers/balance_region.go:252.19,254.3 1 0
github.com/pingcap/pd/server/schedulers/balance_region.go:258.72,260.15 2 1
github.com/pingcap/pd/server/schedulers/balance_region.go:263.2,263.33 1 1
github.com/pingcap/pd/server/schedulers/balance_region.go:272.2,272.14 1 1
github.com/pingcap/pd/server/schedulers/balance_region.go:260.15,262.3 1 0
github.com/pingcap/pd/server/schedulers/balance_region.go:263.33,264.40 1 0
github.com/pingcap/pd/server/schedulers/balance_region.go:267.3,267.70 1 0
github.com/pingcap/pd/server/schedulers/balance_region.go:264.40,266.4 1 0
github.com/pingcap/pd/server/schedulers/balance_region.go:267.70,270.4 2 0
github.com/pingcap/pd/server/schedulers/balance_region.go:275.67,277.43 2 0
github.com/pingcap/pd/server/schedulers/balance_region.go:277.43,279.3 1 0
github.com/pingcap/pd/server/schedulers/balance_region.go:282.64,284.15 2 0
github.com/pingcap/pd/server/schedulers/balance_region.go:287.2,287.33 1 0
github.com/pingcap/pd/server/schedulers/balance_region.go:284.15,286.3 1 0
github.com/pingcap/pd/server/schedulers/balance_region.go:287.33,288.41 1 0
github.com/pingcap/pd/server/schedulers/balance_region.go:293.3,293.29 1 0
github.com/pingcap/pd/server/schedulers/balance_region.go:288.41,290.4 1 0
github.com/pingcap/pd/server/schedulers/balance_region.go:290.9,292.4 1 0
github.com/pingcap/pd/server/schedulers/balance_region.go:294.8,297.3 2 0
github.com/pingcap/pd/server/schedulers/balance_region.go:300.88,302.45 2 1
github.com/pingcap/pd/server/schedulers/balance_region.go:307.2,307.15 1 1
github.com/pingcap/pd/server/schedulers/balance_region.go:302.45,303.28 1 1
github.com/pingcap/pd/server/schedulers/balance_region.go:303.28,305.4 1 0
github.com/pingcap/pd/server/schedulers/balance_region.go:310.112,312.45 2 0
github.com/pingcap/pd/server/schedulers/balance_region.go:317.2,317.15 1 0
github.com/pingcap/pd/server/schedulers/balance_region.go:312.45,313.31 1 0
github.com/pingcap/pd/server/schedulers/balance_region.go:313.31,315.4 1 0
github.com/pingcap/pd/server/schedulers/evict_leader.go:25.13,26.136 1 1
github.com/pingcap/pd/server/schedulers/evict_leader.go:26.136,27.21 1 1
github.com/pingcap/pd/server/schedulers/evict_leader.go:30.3,31.17 2 1
github.com/pingcap/pd/server/schedulers/evict_leader.go:34.3,34.56 1 1
github.com/pingcap/pd/server/schedulers/evict_leader.go:27.21,29.4 1 0
github.com/pingcap/pd/server/schedulers/evict_leader.go:31.17,33.4 1 0
github.com/pingcap/pd/server/schedulers/evict_leader.go:47.108,58.2 3 1
github.com/pingcap/pd/server/schedulers/evict_leader.go:60.49,62.2 1 1
github.com/pingcap/pd/server/schedulers/evict_leader.go:64.49,66.2 1 0
github.com/pingcap/pd/server/schedulers/evict_leader.go:68.72,70.2 1 0
github.com/pingcap/pd/server/schedulers/evict_leader.go:72.66,74.2 1 0
github.com/pingcap/pd/server/schedulers/evict_leader.go:76.81,78.2 1 1
github.com/pingcap/pd/server/schedulers/evict_leader.go:80.88,83.19 3 1
github.com/pingcap/pd/server/schedulers/evict_leader.go:87.2,88.19 2 1
github.com/pingcap/pd/server/schedulers/evict_leader.go:92.2,95.33 4 1
github.com/pingcap/pd/server/schedulers/evict_leader.go:83.19,86.3 2 0
github.com/pingcap/pd/server/schedulers/evict_leader.go:88.19,91.3 2 0
github.com/pingcap/pd/server/schedulers/grant_leader.go:25.13,26.136 1 1
github.com/pingcap/pd/server/schedulers/grant_leader.go:26.136,27.21 1 0
github.com/pingcap/pd/server/schedulers/grant_leader.go:30.3,31.17 2 0
github.com/pingcap/pd/server/schedulers/grant_leader.go:34.3,34.56 1 0
github.com/pingcap/pd/server/schedulers/grant_leader.go:27.21,29.4 1 0
github.com/pingcap/pd/server/schedulers/grant_leader.go:31.17,33.4 1 0
github.com/pingcap/pd/server/schedulers/grant_leader.go:47.108,54.2 2 0
github.com/pingcap/pd/server/schedulers/grant_leader.go:56.49,58.2 1 0
github.com/pingcap/pd/server/schedulers/grant_leader.go:60.49,62.2 1 0
github.com/pingcap/pd/server/schedulers/grant_leader.go:63.72,65.2 1 0
github.com/pingcap/pd/server/schedulers/grant_leader.go:67.66,69.2 1 0
github.com/pingcap/pd/server/schedulers/grant_leader.go:71.81,73.2 1 0
github.com/pingcap/pd/server/schedulers/grant_leader.go:75.88,78.19 3 0
github.com/pingcap/pd/server/schedulers/grant_leader.go:82.2,85.33 4 0
github.com/pingcap/pd/server/schedulers/grant_leader.go:78.19,81.3 2 0
github.com/pingcap/pd/server/schedulers/utils.go:31.36,32.11 1 1
github.com/pingcap/pd/server/schedulers/utils.go:35.2,35.10 1 1
github.com/pingcap/pd/server/schedulers/utils.go:32.11,34.3 1 1
github.com/pingcap/pd/server/schedulers/utils.go:38.36,39.11 1 1
github.com/pingcap/pd/server/schedulers/utils.go:42.2,42.10 1 1
github.com/pingcap/pd/server/schedulers/utils.go:39.11,41.3 1 1
github.com/pingcap/pd/server/schedulers/utils.go:45.52,46.11 1 1
github.com/pingcap/pd/server/schedulers/utils.go:49.2,49.10 1 1
github.com/pingcap/pd/server/schedulers/utils.go:46.11,48.3 1 1
github.com/pingcap/pd/server/schedulers/utils.go:52.54,54.2 1 1
github.com/pingcap/pd/server/schedulers/utils.go:56.166,61.49 2 1
github.com/pingcap/pd/server/schedulers/utils.go:65.2,71.99 4 1
github.com/pingcap/pd/server/schedulers/utils.go:61.49,63.3 1 0
github.com/pingcap/pd/server/schedulers/utils.go:74.60,76.28 2 1
github.com/pingcap/pd/server/schedulers/utils.go:90.2,90.26 1 1
github.com/pingcap/pd/server/schedulers/utils.go:76.28,79.32 3 0
github.com/pingcap/pd/server/schedulers/utils.go:85.3,86.47 2 0
github.com/pingcap/pd/server/schedulers/utils.go:79.32,81.36 2 0
github.com/pingcap/pd/server/schedulers/utils.go:81.36,83.5 1 0
github.com/pingcap/pd/server/schedulers/utils.go:86.47,88.4 1 0
github.com/pingcap/pd/server/schedulers/utils.go:93.82,96.27 3 1
github.com/pingcap/pd/server/schedulers/utils.go:101.2,102.36 2 1
github.com/pingcap/pd/server/schedulers/utils.go:96.27,97.15 1 1
github.com/pingcap/pd/server/schedulers/utils.go:97.15,99.4 1 1
github.com/pingcap/pd/server/schedulers/utils.go:112.39,114.2 1 1
github.com/pingcap/pd/server/schedulers/adjacent_region.go:36.13,37.139 1 1
github.com/pingcap/pd/server/schedulers/adjacent_region.go:37.139,39.13 2 1
github.com/pingcap/pd/server/schedulers/adjacent_region.go:56.3,56.62 1 1
github.com/pingcap/pd/server/schedulers/adjacent_region.go:39.13,41.18 2 1
github.com/pingcap/pd/server/schedulers/adjacent_region.go:44.4,45.18 2 1
github.com/pingcap/pd/server/schedulers/adjacent_region.go:48.4,48.87 1 1
github.com/pingcap/pd/server/schedulers/adjacent_region.go:41.18,43.5 1 0
github.com/pingcap/pd/server/schedulers/adjacent_region.go:45.18,47.5 1 0
github.com/pingcap/pd/server/schedulers/adjacent_region.go:49.9,49.20 1 1
github.com/pingcap/pd/server/schedulers/adjacent_region.go:49.20,51.18 2 0
github.com/pingcap/pd/server/schedulers/adjacent_region.go:54.4,54.76 1 0
github.com/pingcap/pd/server/schedulers/adjacent_region.go:51.18,53.5 1 0
github.com/pingcap/pd/server/schedulers/adjacent_region.go:81.33,85.2 3 1
github.com/pingcap/pd/server/schedulers/adjacent_region.go:87.35,89.2 1 1
github.com/pingcap/pd/server/schedulers/adjacent_region.go:93.118,106.12 5 1
github.com/pingcap/pd/server/schedulers/adjacent_region.go:112.2,112.10 1 1
github.com/pingcap/pd/server/schedulers/adjacent_region.go:106.12,108.3 1 0
github.com/pingcap/pd/server/schedulers/adjacent_region.go:108.8,108.19 1 1
github.com/pingcap/pd/server/schedulers/adjacent_region.go:108.19,111.3 2 1
github.com/pingcap/pd/server/schedulers/adjacent_region.go:115.59,117.2 1 1
github.com/pingcap/pd/server/schedulers/adjacent_region.go:119.59,121.2 1 0
github.com/pingcap/pd/server/schedulers/adjacent_region.go:123.73,125.2 1 0
github.com/pingcap/pd/server/schedulers/adjacent_region.go:127.96,129.2 1 0
github.com/pingcap/pd/server/schedulers/adjacent_region.go:131.91,133.2 1 1
github.com/pingcap/pd/server/schedulers/adjacent_region.go:135.68,137.2 1 1
github.com/pingcap/pd/server/schedulers/adjacent_region.go:139.66,141.2 1 1
github.com/pingcap/pd/server/schedulers/adjacent_region.go:143.98,144.27 1 1
github.com/pingcap/pd/server/schedulers/adjacent_region.go:152.2,152.31 1 1
github.com/pingcap/pd/server/schedulers/adjacent_region.go:156.2,159.23 3 1
github.com/pingcap/pd/server/schedulers/adjacent_region.go:167.2,170.32 4 1
github.com/pingcap/pd/server/schedulers/adjacent_region.go:196.2,197.27 2 1
github.com/pingcap/pd/server/schedulers/adjacent_region.go:144.27,150.3 1 1
github.com/pingcap/pd/server/schedulers/adjacent_region.go:152.31,154.3 1 1
github.com/pingcap/pd/server/schedulers/adjacent_region.go:159.23,164.3 4 1
github.com/pingcap/pd/server/schedulers/adjacent_region.go:170.32,175.128 3 1
github.com/pingcap/pd/server/schedulers/adjacent_region.go:182.3,182.32 1 1
github.com/pingcap/pd/server/schedulers/adjacent_region.go:175.128,177.27 2 1
github.com/pingcap/pd/server/schedulers/adjacent_region.go:177.27,178.13 1 1
github.com/pingcap/pd/server/schedulers/adjacent_region.go:182.32,184.4 1 1
github.com/pingcap/pd/server/schedulers/adjacent_region.go:184.9,186.37 1 1
github.com/pingcap/pd/server/schedulers/adjacent_region.go:186.37,192.5 5 1
github.com/pingcap/pd/server/schedulers/adjacent_region.go:200.97,201.30 1 1
github.com/pingcap/pd/server/schedulers/adjacent_region.go:204.2,208.15 4 1
github.com/pingcap/pd/server/schedulers/adjacent_region.go:217.2,217.86 1 1
github.com/pingcap/pd/server/schedulers/adjacent_region.go:221.2,222.15 2 1
github.com/pingcap/pd/server/schedulers/adjacent_region.go:226.2,226.15 1 1
github.com/pingcap/pd/server/schedulers/adjacent_region.go:231.2,231.33 1 1
github.com/pingcap/pd/server/schedulers/adjacent_region.go:201.30,203.3 1 1
github.com/pingcap/pd/server/schedulers/adjacent_region.go:208.15,209.31 1 1
github.com/pingcap/pd/server/schedulers/adjacent_region.go:212.3,213.31 2 1
github.com/pingcap/pd/server/schedulers/adjacent_region.go:209.31,211.4 1 0
github.com/pingcap/pd/server/schedulers/adjacent_region.go:217.86,220.3 2 0
github.com/pingcap/pd/server/schedulers/adjacent_region.go:222.15,225.3 2 1
github.com/pingcap/pd/server/schedulers/adjacent_region.go:226.15,230.3 3 1
github.com/pingcap/pd/server/schedulers/adjacent_region.go:234.114,235.56 1 1
github.com/pingcap/pd/server/schedulers/adjacent_region.go:238.2,239.18 2 1
github.com/pingcap/pd/server/schedulers/adjacent_region.go:242.2,243.14 2 1
github.com/pingcap/pd/server/schedulers/adjacent_region.go:247.2,247.41 1 1
github.com/pingcap/pd/server/schedulers/adjacent_region.go:251.2,251.14 1 1
github.com/pingcap/pd/server/schedulers/adjacent_region.go:235.56,237.3 1 0
github.com/pingcap/pd/server/schedulers/adjacent_region.go:239.18,241.3 1 0
github.com/pingcap/pd/server/schedulers/adjacent_region.go:243.14,245.3 1 0
github.com/pingcap/pd/server/schedulers/adjacent_region.go:247.41,250.3 2 0
github.com/pingcap/pd/server/schedulers/adjacent_region.go:254.151,255.29 1 1
github.com/pingcap/pd/server/schedulers/adjacent_region.go:258.2,259.25 2 1
github.com/pingcap/pd/server/schedulers/adjacent_region.go:262.2,263.30 2 1
github.com/pingcap/pd/server/schedulers/adjacent_region.go:268.2,269.19 2 1
github.com/pingcap/pd/server/schedulers/adjacent_region.go:272.2,275.11 4 1
github.com/pingcap/pd/server/schedulers/adjacent_region.go:255.29,257.3 1 0
github.com/pingcap/pd/server/schedulers/adjacent_region.go:259.25,261.3 1 1
github.com/pingcap/pd/server/schedulers/adjacent_region.go:263.30,264.62 1 1
github.com/pingcap/pd/server/schedulers/adjacent_region.go:264.62,266.4 1 1
github.com/pingcap/pd/server/schedulers/adjacent_region.go:269.19,271.3 1 0
github.com/pingcap/pd/server/schedulers/adjacent_region.go:278.125,279.27 1 1
github.com/pingcap/pd/server/schedulers/adjacent_region.go:283.2,286.19 4 1
github.com/pingcap/pd/server/schedulers/adjacent_region.go:290.2,292.58 3 1
github.com/pingcap/pd/server/schedulers/adjacent_region.go:298.2,303.19 3 1
github.com/pingcap/pd/server/schedulers/adjacent_region.go:306.2,307.16 2 1
github.com/pingcap/pd/server/schedulers/adjacent_region.go:310.2,310.20 1 1
github.com/pingcap/pd/server/schedulers/adjacent_region.go:316.2,319.16 3 1
github.com/pingcap/pd/server/schedulers/adjacent_region.go:323.2,325.11 3 1
github.com/pingcap/pd/server/schedulers/adjacent_region.go:279.27,281.3 1 0
github.com/pingcap/pd/server/schedulers/adjacent_region.go:286.19,288.3 1 0
github.com/pingcap/pd/server/schedulers/adjacent_region.go:292.58,293.43 1 0
github.com/pingcap/pd/server/schedulers/adjacent_region.go:293.43,295.4 1 0
github.com/pingcap/pd/server/schedulers/adjacent_region.go:303.19,305.3 1 1
github.com/pingcap/pd/server/schedulers/adjacent_region.go:307.16,309.3 1 0
github.com/pingcap/pd/server/schedulers/adjacent_region.go:310.20,313.3 2 0
github.com/pingcap/pd/server/schedulers/adjacent_region.go:319.16,322.3 2 0
github.com/pingcap/pd/server/schedulers/hot_region.go:30.13,31.134 1 1
github.com/pingcap/pd/server/schedulers/hot_region.go:35.2,35.140 1 1
github.com/pingcap/pd/server/schedulers/hot_region.go:38.2,38.139 1 1
github.com/pingcap/pd/server/schedulers/hot_region.go:31.134,33.3 1 0
github.com/pingcap/pd/server/schedulers/hot_region.go:35.140,37.3 1 1
github.com/pingcap/pd/server/schedulers/hot_region.go:38.139,40.3 1 1
github.com/pingcap/pd/server/schedulers/hot_region.go:63.45,69.2 1 1
github.com/pingcap/pd/server/schedulers/hot_region.go:83.107,93.2 2 0
github.com/pingcap/pd/server/schedulers/hot_region.go:95.111,105.2 2 1
github.com/pingcap/pd/server/schedulers/hot_region.go:107.112,117.2 2 1
github.com/pingcap/pd/server/schedulers/hot_region.go:119.55,121.2 1 1
github.com/pingcap/pd/server/schedulers/hot_region.go:123.55,125.2 1 0
github.com/pingcap/pd/server/schedulers/hot_region.go:127.87,129.2 1 0
github.com/pingcap/pd/server/schedulers/hot_region.go:131.88,134.2 1 1
github.com/pingcap/pd/server/schedulers/hot_region.go:136.88,138.2 1 1
github.com/pingcap/pd/server/schedulers/hot_region.go:140.94,143.2 2 1
github.com/pingcap/pd/server/schedulers/hot_region.go:145.111,148.13 3 1
github.com/pingcap/pd/server/schedulers/hot_region.go:157.2,157.12 1 0
github.com/pingcap/pd/server/schedulers/hot_region.go:149.28,151.42 2 1
github.com/pingcap/pd/server/schedulers/hot_region.go:152.29,155.43 3 1
github.com/pingcap/pd/server/schedulers/hot_region.go:160.107,163.22 2 1
github.com/pingcap/pd/server/schedulers/hot_region.go:171.2,172.22 2 1
github.com/pingcap/pd/server/schedulers/hot_region.go:182.2,183.12 2 1
github.com/pingcap/pd/server/schedulers/hot_region.go:163.22,168.3 4 0
github.com/pingcap/pd/server/schedulers/hot_region.go:172.22,174.17 2 0
github.com/pingcap/pd/server/schedulers/hot_region.go:178.3,180.34 3 0
github.com/pingcap/pd/server/schedulers/hot_region.go:174.17,177.4 2 0
github.com/pingcap/pd/server/schedulers/hot_region.go:189.108,190.44 1 1
github.com/pingcap/pd/server/schedulers/hot_region.go:217.2,218.12 2 1
github.com/pingcap/pd/server/schedulers/hot_region.go:190.44,191.24 1 1
github.com/pingcap/pd/server/schedulers/hot_region.go:192.10,195.24 2 1
github.com/pingcap/pd/server/schedulers/hot_region.go:205.10,208.24 2 1
github.com/pingcap/pd/server/schedulers/hot_region.go:195.24,197.19 2 1
github.com/pingcap/pd/server/schedulers/hot_region.go:201.5,203.36 3 1
github.com/pingcap/pd/server/schedulers/hot_region.go:197.19,200.6 2 0
github.com/pingcap/pd/server/schedulers/hot_region.go:208.24,213.5 4 1
github.com/pingcap/pd/server/schedulers/hot_region.go:221.129,223.26 2 1
github.com/pingcap/pd/server/schedulers/hot_region.go:269.2,269.14 1 1
github.com/pingcap/pd/server/schedulers/hot_region.go:223.26,227.61 1 1
github.com/pingcap/pd/server/schedulers/hot_region.go:231.3,232.24 2 1
github.com/pingcap/pd/server/schedulers/hot_region.go:236.3,237.15 2 1
github.com/pingcap/pd/server/schedulers/hot_region.go:246.3,246.36 1 1
github.com/pingcap/pd/server/schedulers/hot_region.go:227.61,228.12 1 0
github.com/pingcap/pd/server/schedulers/hot_region.go:232.24,233.12 1 1
github.com/pingcap/pd/server/schedulers/hot_region.go:238.24,239.45 1 1
github.com/pingcap/pd/server/schedulers/hot_region.go:242.24,243.68 1 1
github.com/pingcap/pd/server/schedulers/hot_region.go:239.45,241.5 1 1
github.com/pingcap/pd/server/schedulers/hot_region.go:246.36,248.11 2 1
github.com/pingcap/pd/server/schedulers/hot_region.go:255.4,266.60 4 1
github.com/pingcap/pd/server/schedulers/hot_region.go:248.11,253.5 2 1
github.com/pingcap/pd/server/schedulers/hot_region.go:273.168,274.36 1 1
github.com/pingcap/pd/server/schedulers/hot_region.go:278.2,279.21 2 1
github.com/pingcap/pd/server/schedulers/hot_region.go:286.2,288.71 3 1
github.com/pingcap/pd/server/schedulers/hot_region.go:342.2,342.22 1 1
github.com/pingcap/pd/server/schedulers/hot_region.go:274.36,276.3 1 1
github.com/pingcap/pd/server/schedulers/hot_region.go:279.21,281.3 1 0
github.com/pingcap/pd/server/schedulers/hot_region.go:288.71,291.23 3 1
github.com/pingcap/pd/server/schedulers/hot_region.go:296.3,296.35 1 1
github.com/pingcap/pd/server/schedulers/hot_region.go:301.3,301.60 1 1
github.com/pingcap/pd/server/schedulers/hot_region.go:307.3,314.32 4 1
github.com/pingcap/pd/server/schedulers/hot_region.go:321.3,322.23 2 1
github.com/pingcap/pd/server/schedulers/hot_region.go:291.23,293.12 2 0
github.com/pingcap/pd/server/schedulers/hot_region.go:296.35,298.12 2 0
github.com/pingcap/pd/server/schedulers/hot_region.go:301.60,304.12 3 1
github.com/pingcap/pd/server/schedulers/hot_region.go:314.32,315.54 1 1
github.com/pingcap/pd/server/schedulers/hot_region.go:318.4,318.64 1 1
github.com/pingcap/pd/server/schedulers/hot_region.go:315.54,316.13 1 1
github.com/pingcap/pd/server/schedulers/hot_region.go:322.23,326.22 3 1
github.com/pingcap/pd/server/schedulers/hot_region.go:332.4,333.18 2 1
github.com/pingcap/pd/server/schedulers/hot_region.go:338.4,338.39 1 1
github.com/pingcap/pd/server/schedulers/hot_region.go:326.22,328.5 1 0
github.com/pingcap/pd/server/schedulers/hot_region.go:333.18,336.5 2 0
github.com/pingcap/pd/server/schedulers/hot_region.go:346.156,347.36 1 1
github.com/pingcap/pd/server/schedulers/hot_region.go:351.2,352.21 2 1
github.com/pingcap/pd/server/schedulers/hot_region.go:357.2,357.71 1 1
github.com/pingcap/pd/server/schedulers/hot_region.go:392.2,392.17 1 0
github.com/pingcap/pd/server/schedulers/hot_region.go:347.36,349.3 1 1
github.com/pingcap/pd/server/schedulers/hot_region.go:352.21,354.3 1 1
github.com/pingcap/pd/server/schedulers/hot_region.go:357.71,360.23 3 1
github.com/pingcap/pd/server/schedulers/hot_region.go:365.3,365.35 1 1
github.com/pingcap/pd/server/schedulers/hot_region.go:370.3,372.62 3 1
github.com/pingcap/pd/server/schedulers/hot_region.go:377.3,377.34 1 1
github.com/pingcap/pd/server/schedulers/hot_region.go:380.3,381.23 2 1
github.com/pingcap/pd/server/schedulers/hot_region.go:385.3,386.22 2 1
github.com/pingcap/pd/server/schedulers/hot_region.go:360.23,362.12 2 0
github.com/pingcap/pd/server/schedulers/hot_region.go:365.35,367.12 2 0
github.com/pingcap/pd/server/schedulers/hot_region.go:372.62,373.55 1 1
github.com/pingcap/pd/server/schedulers/hot_region.go:373.55,375.5 1 1
github.com/pingcap/pd/server/schedulers/hot_region.go:377.34,378.12 1 0
github.com/pingcap/pd/server/schedulers/hot_region.go:381.23,382.12 1 0
github.com/pingcap/pd/server/schedulers/hot_region.go:386.22,390.4 2 1
github.com/pingcap/pd/server/schedulers/hot_region.go:398.111,404.41 2 1
github.com/pingcap/pd/server/schedulers/hot_region.go:412.2,412.8 1 1
github.com/pingcap/pd/server/schedulers/hot_region.go:404.41,406.118 2 1
github.com/pingcap/pd/server/schedulers/hot_region.go:406.118,410.4 3 1
github.com/pingcap/pd/server/schedulers/hot_region.go:417.189,426.44 5 1
github.com/pingcap/pd/server/schedulers/hot_region.go:444.2,444.8 1 1
github.com/pingcap/pd/server/schedulers/hot_region.go:426.44,427.39 1 1
github.com/pingcap/pd/server/schedulers/hot_region.go:427.39,428.91 1 1
github.com/pingcap/pd/server/schedulers/hot_region.go:434.4,435.96 1 1
github.com/pingcap/pd/server/schedulers/hot_region.go:428.91,432.13 4 0
github.com/pingcap/pd/server/schedulers/hot_region.go:435.96,438.5 2 0
github.com/pingcap/pd/server/schedulers/hot_region.go:439.9,442.4 2 1
github.com/pingcap/pd/server/schedulers/hot_region.go:447.123,451.31 3 1
github.com/pingcap/pd/server/schedulers/hot_region.go:455.2,458.28 3 1
github.com/pingcap/pd/server/schedulers/hot_region.go:451.31,453.3 1 1
github.com/pingcap/pd/server/schedulers/hot_region.go:461.89,465.49 4 0
github.com/pingcap/pd/server/schedulers/hot_region.go:469.2,471.3 1 0
github.com/pingcap/pd/server/schedulers/hot_region.go:465.49,468.3 2 0
github.com/pingcap/pd/server/schedulers/hot_region.go:474.90,479.50 5 0
github.com/pingcap/pd/server/schedulers/hot_region.go:483.2,483.48 1 0
github.com/pingcap/pd/server/schedulers/hot_region.go:487.2,490.3 1 0
github.com/pingcap/pd/server/schedulers/hot_region.go:479.50,482.3 2 0
github.com/pingcap/pd/server/schedulers/hot_region.go:483.48,486.3 2 0
github.com/pingcap/pd/server/schedulers/random_merge.go:23.13,24.136 1 1
github.com/pingcap/pd/server/schedulers/random_merge.go:24.136,26.3 1 1
github.com/pingcap/pd/server/schedulers/random_merge.go:36.92,45.2 3 1
github.com/pingcap/pd/server/schedulers/random_merge.go:47.49,49.2 1 1
github.com/pingcap/pd/server/schedulers/random_merge.go:51.49,53.2 1 0
github.com/pingcap/pd/server/schedulers/random_merge.go:55.81,57.2 1 1
github.com/pingcap/pd/server/schedulers/random_merge.go:59.88,64.18 4 1
github.com/pingcap/pd/server/schedulers/random_merge.go:68.2,69.19 2 1
github.com/pingcap/pd/server/schedulers/random_merge.go:74.2,75.95 2 1
github.com/pingcap/pd/server/schedulers/random_merge.go:78.2,78.19 1 1
github.com/pingcap/pd/server/schedulers/random_merge.go:83.2,84.16 2 1
github.com/pingcap/pd/server/schedulers/random_merge.go:87.2,88.12 2 1
github.com/pingcap/pd/server/schedulers/random_merge.go:64.18,67.3 2 0
github.com/pingcap/pd/server/schedulers/random_merge.go:69.19,72.3 2 0
github.com/pingcap/pd/server/schedulers/random_merge.go:75.95,77.3 1 0
github.com/pingcap/pd/server/schedulers/random_merge.go:78.19,81.3 2 0
github.com/pingcap/pd/server/schedulers/random_merge.go:84.16,86.3 1 0
github.com/pingcap/pd/server/schedulers/base_scheduler.go:41.101,42.13 1 0
github.com/pingcap/pd/server/schedulers/base_scheduler.go:52.2,52.10 1 0
github.com/pingcap/pd/server/schedulers/base_scheduler.go:43.25,44.84 1 0
github.com/pingcap/pd/server/schedulers/base_scheduler.go:45.20,46.61 1 0
github.com/pingcap/pd/server/schedulers/base_scheduler.go:47.18,48.11 1 0
github.com/pingcap/pd/server/schedulers/base_scheduler.go:49.10,50.44 1 0
github.com/pingcap/pd/server/schedulers/base_scheduler.go:62.81,64.2 1 1
github.com/pingcap/pd/server/schedulers/base_scheduler.go:66.56,68.2 1 0
github.com/pingcap/pd/server/schedulers/base_scheduler.go:70.79,72.2 1 0
github.com/pingcap/pd/server/schedulers/base_scheduler.go:74.65,74.79 1 0
github.com/pingcap/pd/server/schedulers/base_scheduler.go:76.60,76.61 0 0
github.com/pingcap/pd/server/schedulers/base_scheduler.go:78.38,80.2 1 0
github.com/pingcap/pd/server/schedulers/base_scheduler.go:81.40,83.2 1 0
github.com/pingcap/pd/server/schedulers/base_scheduler.go:84.54,86.2 1 0
github.com/pingcap/pd/server/schedulers/base_scheduler.go:87.52,89.2 1 0
github.com/pingcap/pd/server/schedulers/base_scheduler.go:90.49,92.2 1 0
github.com/pingcap/pd/server/schedulers/base_scheduler.go:93.47,95.2 1 0
github.com/pingcap/pd/server/schedulers/shuffle_region.go:24.13,25.138 1 1
github.com/pingcap/pd/server/schedulers/shuffle_region.go:25.138,27.3 1 1
github.com/pingcap/pd/server/schedulers/shuffle_region.go:37.94,46.2 3 1
github.com/pingcap/pd/server/schedulers/shuffle_region.go:48.51,50.2 1 1
github.com/pingcap/pd/server/schedulers/shuffle_region.go:52.51,54.2 1 0
github.com/pingcap/pd/server/schedulers/shuffle_region.go:56.83,58.2 1 1
github.com/pingcap/pd/server/schedulers/shuffle_region.go:60.90,63.19 3 1
github.com/pingcap/pd/server/schedulers/shuffle_region.go:68.2,70.20 3 1
github.com/pingcap/pd/server/schedulers/shuffle_region.go:75.2,76.16 2 1
github.com/pingcap/pd/server/schedulers/shuffle_region.go:80.2,82.33 3 1
github.com/pingcap/pd/server/schedulers/shuffle_region.go:63.19,66.3 2 1
github.com/pingcap/pd/server/schedulers/shuffle_region.go:70.20,73.3 2 0
github.com/pingcap/pd/server/schedulers/shuffle_region.go:76.16,79.3 2 0
github.com/pingcap/pd/server/schedulers/shuffle_region.go:85.112,89.19 3 1
github.com/pingcap/pd/server/schedulers/shuffle_region.go:94.2,95.19 2 1
github.com/pingcap/pd/server/schedulers/shuffle_region.go:98.2,98.19 1 1
github.com/pingcap/pd/server/schedulers/shuffle_region.go:103.2,103.52 1 1
github.com/pingcap/pd/server/schedulers/shuffle_region.go:89.19,92.3 2 1
github.com/pingcap/pd/server/schedulers/shuffle_region.go:95.19,97.3 1 0
github.com/pingcap/pd/server/schedulers/shuffle_region.go:98.19,101.3 2 0
github.com/pingcap/pd/server/schedulers/shuffle_region.go:106.113,110.19 3 1
github.com/pingcap/pd/server/schedulers/shuffle_region.go:114.2,115.16 2 1
github.com/pingcap/pd/server/schedulers/shuffle_region.go:120.2,120.16 1 1
github.com/pingcap/pd/server/schedulers/shuffle_region.go:110.19,112.3 1 0
github.com/pingcap/pd/server/schedulers/shuffle_region.go:115.16,118.3 2 0
github.com/pingcap/pd/server/schedulers/transfer_region_to_label.go:12.14,13.160 1 1
github.com/pingcap/pd/server/schedulers/transfer_region_to_label.go:13.160,14.19 1 0
github.com/pingcap/pd/server/schedulers/transfer_region_to_label.go:17.3,18.17 2 0
github.com/pingcap/pd/server/schedulers/transfer_region_to_label.go:21.3,21.86 1 0
github.com/pingcap/pd/server/schedulers/transfer_region_to_label.go:14.19,16.4 1 0
github.com/pingcap/pd/server/schedulers/transfer_region_to_label.go:18.17,20.4 1 0
github.com/pingcap/pd/server/schedulers/transfer_region_to_label.go:34.154,48.2 4 0
github.com/pingcap/pd/server/schedulers/transfer_region_to_label.go:50.58,52.2 1 0
github.com/pingcap/pd/server/schedulers/transfer_region_to_label.go:53.58,55.2 1 0
github.com/pingcap/pd/server/schedulers/transfer_region_to_label.go:56.90,58.2 1 0
github.com/pingcap/pd/server/schedulers/transfer_region_to_label.go:59.98,62.17 3 0
github.com/pingcap/pd/server/schedulers/transfer_region_to_label.go:67.2,69.26 3 0
github.com/pingcap/pd/server/schedulers/transfer_region_to_label.go:76.2,76.28 1 0
github.com/pingcap/pd/server/schedulers/transfer_region_to_label.go:83.2,85.27 3 0
github.com/pingcap/pd/server/schedulers/transfer_region_to_label.go:92.2,92.28 1 0
github.com/pingcap/pd/server/schedulers/transfer_region_to_label.go:95.2,96.38 2 0
github.com/pingcap/pd/server/schedulers/transfer_region_to_label.go:99.2,100.44 2 0
github.com/pingcap/pd/server/schedulers/transfer_region_to_label.go:117.2,117.26 1 0
github.com/pingcap/pd/server/schedulers/transfer_region_to_label.go:122.2,122.12 1 0
github.com/pingcap/pd/server/schedulers/transfer_region_to_label.go:62.17,65.3 2 0
github.com/pingcap/pd/server/schedulers/transfer_region_to_label.go:69.26,70.84 1 0
github.com/pingcap/pd/server/schedulers/transfer_region_to_label.go:73.4,74.9 2 0
github.com/pingcap/pd/server/schedulers/transfer_region_to_label.go:70.84,71.12 1 0
github.com/pingcap/pd/server/schedulers/transfer_region_to_label.go:76.28,80.3 1 0
github.com/pingcap/pd/server/schedulers/transfer_region_to_label.go:85.27,86.98 1 0
github.com/pingcap/pd/server/schedulers/transfer_region_to_label.go:86.98,89.4 1 0
github.com/pingcap/pd/server/schedulers/transfer_region_to_label.go:92.28,94.3 1 0
github.com/pingcap/pd/server/schedulers/transfer_region_to_label.go:96.38,98.3 1 0
github.com/pingcap/pd/server/schedulers/transfer_region_to_label.go:100.44,101.32 1 0
github.com/pingcap/pd/server/schedulers/transfer_region_to_label.go:101.32,104.16 3 0
github.com/pingcap/pd/server/schedulers/transfer_region_to_label.go:108.4,109.18 2 0
github.com/pingcap/pd/server/schedulers/transfer_region_to_label.go:113.4,113.22 1 0
github.com/pingcap/pd/server/schedulers/transfer_region_to_label.go:104.16,107.5 2 0
github.com/pingcap/pd/server/schedulers/transfer_region_to_label.go:109.18,112.5 2 0
github.com/pingcap/pd/server/schedulers/transfer_region_to_label.go:117.26,120.3 2 0
github.com/pingcap/pd/server/schedulers/transfer_region_to_label.go:125.57,126.15 1 0
github.com/pingcap/pd/server/schedulers/transfer_region_to_label.go:129.2,132.19 4 0
github.com/pingcap/pd/server/schedulers/transfer_region_to_label.go:139.2,139.19 1 0
github.com/pingcap/pd/server/schedulers/transfer_region_to_label.go:145.2,146.25 2 0
github.com/pingcap/pd/server/schedulers/transfer_region_to_label.go:126.15,128.3 1 0
github.com/pingcap/pd/server/schedulers/transfer_region_to_label.go:132.19,133.11 1 0
github.com/pingcap/pd/server/schedulers/transfer_region_to_label.go:133.11,137.4 3 0
github.com/pingcap/pd/server/schedulers/transfer_region_to_label.go:137.8,137.14 1 0
github.com/pingcap/pd/server/schedulers/transfer_region_to_label.go:139.19,140.18 1 0
github.com/pingcap/pd/server/schedulers/transfer_region_to_label.go:140.18,143.4 2 0
github.com/pingcap/pd/server/schedulers/shuffle_hot_region.go:29.13,30.142 1 1
github.com/pingcap/pd/server/schedulers/shuffle_hot_region.go:30.142,32.21 2 1
github.com/pingcap/pd/server/schedulers/shuffle_hot_region.go:39.3,39.64 1 1
github.com/pingcap/pd/server/schedulers/shuffle_hot_region.go:32.21,34.18 2 0
github.com/pingcap/pd/server/schedulers/shuffle_hot_region.go:37.4,37.13 1 0
github.com/pingcap/pd/server/schedulers/shuffle_hot_region.go:34.18,36.5 1 0
github.com/pingcap/pd/server/schedulers/shuffle_hot_region.go:56.111,65.2 2 1
github.com/pingcap/pd/server/schedulers/shuffle_hot_region.go:67.54,69.2 1 1
github.com/pingcap/pd/server/schedulers/shuffle_hot_region.go:71.54,73.2 1 0
github.com/pingcap/pd/server/schedulers/shuffle_hot_region.go:75.86,79.2 1 0
github.com/pingcap/pd/server/schedulers/shuffle_hot_region.go:81.93,85.2 3 1
github.com/pingcap/pd/server/schedulers/shuffle_hot_region.go:87.110,88.13 1 1
github.com/pingcap/pd/server/schedulers/shuffle_hot_region.go:96.2,96.12 1 0
github.com/pingcap/pd/server/schedulers/shuffle_hot_region.go:89.28,91.61 2 1
github.com/pingcap/pd/server/schedulers/shuffle_hot_region.go:92.29,94.62 2 1
github.com/pingcap/pd/server/schedulers/shuffle_hot_region.go:99.142,100.35 1 1
github.com/pingcap/pd/server/schedulers/shuffle_hot_region.go:147.2,148.12 2 1
github.com/pingcap/pd/server/schedulers/shuffle_hot_region.go:100.35,105.102 4 1
github.com/pingcap/pd/server/schedulers/shuffle_hot_region.go:108.3,117.32 6 1
github.com/pingcap/pd/server/schedulers/shuffle_hot_region.go:123.3,123.29 1 1
github.com/pingcap/pd/server/schedulers/shuffle_hot_region.go:127.3,128.23 2 1
github.com/pingcap/pd/server/schedulers/shuffle_hot_region.go:131.3,132.21 2 1
github.com/pingcap/pd/server/schedulers/shuffle_hot_region.go:135.3,136.17 2 1
github.com/pingcap/pd/server/schedulers/shuffle_hot_region.go:140.3,141.17 2 1
github.com/pingcap/pd/server/schedulers/shuffle_hot_region.go:144.3,145.34 2 1
github.com/pingcap/pd/server/schedulers/shuffle_hot_region.go:105.102,106.12 1 0
github.com/pingcap/pd/server/schedulers/shuffle_hot_region.go:117.32,118.54 1 1
github.com/pingcap/pd/server/schedulers/shuffle_hot_region.go:121.4,121.54 1 1
github.com/pingcap/pd/server/schedulers/shuffle_hot_region.go:118.54,119.13 1 1
github.com/pingcap/pd/server/schedulers/shuffle_hot_region.go:123.29,125.4 1 0
github.com/pingcap/pd/server/schedulers/shuffle_hot_region.go:128.23,130.4 1 0
github.com/pingcap/pd/server/schedulers/shuffle_hot_region.go:132.21,134.4 1 0
github.com/pingcap/pd/server/schedulers/shuffle_hot_region.go:136.17,139.4 2 0
github.com/pingcap/pd/server/schedulers/shuffle_hot_region.go:141.17,143.4 1 0
github.com/pingcap/pd/server/schedulers/balance_leader.go:27.13,28.138 1 1
github.com/pingcap/pd/server/schedulers/balance_leader.go:28.138,30.3 1 1
github.com/pingcap/pd/server/schedulers/balance_leader.go:47.129,62.27 5 1
github.com/pingcap/pd/server/schedulers/balance_leader.go:65.2,65.10 1 1
github.com/pingcap/pd/server/schedulers/balance_leader.go:62.27,64.3 1 1
github.com/pingcap/pd/server/schedulers/balance_leader.go:72.89,73.41 1 1
github.com/pingcap/pd/server/schedulers/balance_leader.go:73.41,75.3 1 1
github.com/pingcap/pd/server/schedulers/balance_leader.go:79.67,80.41 1 1
github.com/pingcap/pd/server/schedulers/balance_leader.go:80.41,82.3 1 1
github.com/pingcap/pd/server/schedulers/balance_leader.go:85.51,86.18 1 1
github.com/pingcap/pd/server/schedulers/balance_leader.go:89.2,89.35 1 1
github.com/pingcap/pd/server/schedulers/balance_leader.go:86.18,88.3 1 1
github.com/pingcap/pd/server/schedulers/balance_leader.go:92.51,94.2 1 0
github.com/pingcap/pd/server/schedulers/balance_leader.go:96.83,98.2 1 0
github.com/pingcap/pd/server/schedulers/balance_leader.go:100.90,111.36 5 1
github.com/pingcap/pd/server/schedulers/balance_leader.go:121.2,132.47 11 0
github.com/pingcap/pd/server/schedulers/balance_leader.go:144.2,149.12 6 0
github.com/pingcap/pd/server/schedulers/balance_leader.go:111.36,119.3 3 0
github.com/pingcap/pd/server/schedulers/balance_leader.go:132.47,133.73 1 0
github.com/pingcap/pd/server/schedulers/balance_leader.go:137.3,137.72 1 0
github.com/pingcap/pd/server/schedulers/balance_leader.go:133.73,136.4 2 0
github.com/pingcap/pd/server/schedulers/balance_leader.go:137.72,140.4 2 0
github.com/pingcap/pd/server/schedulers/balance_leader.go:155.157,158.19 3 0
github.com/pingcap/pd/server/schedulers/balance_leader.go:163.2,164.19 2 0
github.com/pingcap/pd/server/schedulers/balance_leader.go:169.2,169.71 1 0
github.com/pingcap/pd/server/schedulers/balance_leader.go:158.19,162.3 3 0
github.com/pingcap/pd/server/schedulers/balance_leader.go:164.19,168.3 3 0
github.com/pingcap/pd/server/schedulers/balance_leader.go:175.156,178.19 3 0
github.com/pingcap/pd/server/schedulers/balance_leader.go:183.2,184.19 2 0
github.com/pingcap/pd/server/schedulers/balance_leader.go:189.2,189.71 1 0
github.com/pingcap/pd/server/schedulers/balance_leader.go:178.19,182.3 3 0
github.com/pingcap/pd/server/schedulers/balance_leader.go:184.19,188.3 3 0
github.com/pingcap/pd/server/schedulers/balance_leader.go:196.187,198.35 2 0
github.com/pingcap/pd/server/schedulers/balance_leader.go:204.2,206.83 3 0
github.com/pingcap/pd/server/schedulers/balance_leader.go:218.2,224.33 7 0
github.com/pingcap/pd/server/schedulers/balance_leader.go:198.35,202.3 3 0
github.com/pingcap/pd/server/schedulers/balance_leader.go:206.83,216.3 3 0
github.com/pingcap/pd/server/schedulers/label.go:23.13,24.129 1 1
github.com/pingcap/pd/server/schedulers/label.go:24.129,26.3 1 1
github.com/pingcap/pd/server/schedulers/label.go:37.86,45.2 2 1
github.com/pingcap/pd/server/schedulers/label.go:47.43,49.2 1 1
github.com/pingcap/pd/server/schedulers/label.go:51.43,53.2 1 0
github.com/pingcap/pd/server/schedulers/label.go:55.75,57.2 1 0
github.com/pingcap/pd/server/schedulers/label.go:59.82,63.27 4 1
github.com/pingcap/pd/server/schedulers/label.go:68.2,68.34 1 1
github.com/pingcap/pd/server/schedulers/label.go:72.2,73.37 2 1
github.com/pingcap/pd/server/schedulers/label.go:96.2,97.12 2 0
github.com/pingcap/pd/server/schedulers/label.go:63.27,64.71 1 1
github.com/pingcap/pd/server/schedulers/label.go:64.71,66.4 1 1
github.com/pingcap/pd/server/schedulers/label.go:68.34,71.3 2 0
github.com/pingcap/pd/server/schedulers/label.go:73.37,74.60 1 1
github.com/pingcap/pd/server/schedulers/label.go:74.60,77.44 3 1
github.com/pingcap/pd/server/schedulers/label.go:80.4,80.47 1 1
github.com/pingcap/pd/server/schedulers/label.go:83.4,85.21 3 1
github.com/pingcap/pd/server/schedulers/label.go:91.4,93.35 3 1
github.com/pingcap/pd/server/schedulers/label.go:77.44,79.5 1 0
github.com/pingcap/pd/server/schedulers/label.go:80.47,82.5 1 0
github.com/pingcap/pd/server/schedulers/label.go:85.21,88.13 3 0
github.com/pingcap/pd/server/schedulers/scatter_range.go:24.13,25.137 1 1
github.com/pingcap/pd/server/schedulers/scatter_range.go:25.137,26.21 1 1
github.com/pingcap/pd/server/schedulers/scatter_range.go:29.3,30.17 2 1
github.com/pingcap/pd/server/schedulers/scatter_range.go:33.3,34.17 2 1
github.com/pingcap/pd/server/schedulers/scatter_range.go:37.3,38.87 2 1
github.com/pingcap/pd/server/schedulers/scatter_range.go:26.21,28.4 1 0
github.com/pingcap/pd/server/schedulers/scatter_range.go:30.17,32.4 1 0
github.com/pingcap/pd/server/schedulers/scatter_range.go:34.17,36.4 1 0
github.com/pingcap/pd/server/schedulers/scatter_range.go:52.108,70.2 2 1
github.com/pingcap/pd/server/schedulers/scatter_range.go:72.50,74.2 1 1
github.com/pingcap/pd/server/schedulers/scatter_range.go:76.50,78.2 1 0
github.com/pingcap/pd/server/schedulers/scatter_range.go:80.82,82.2 1 0
github.com/pingcap/pd/server/schedulers/scatter_range.go:84.89,90.18 5 1
github.com/pingcap/pd/server/schedulers/scatter_range.go:96.2,97.18 2 0
github.com/pingcap/pd/server/schedulers/scatter_range.go:103.2,104.12 2 0
github.com/pingcap/pd/server/schedulers/scatter_range.go:90.18,95.3 4 0
github.com/pingcap/pd/server/schedulers/scatter_range.go:97.18,102.3 4 0
