mode: set
github.com/pingcap/pd/tools/pd-ctl/pdctl/command/config_command.go:36.40,45.2 5 1
github.com/pingcap/pd/tools/pd-ctl/pdctl/command/config_command.go:48.44,60.2 7 1
github.com/pingcap/pd/tools/pd-ctl/pdctl/command/config_command.go:63.53,70.2 2 1
github.com/pingcap/pd/tools/pd-ctl/pdctl/command/config_command.go:73.47,80.2 2 1
github.com/pingcap/pd/tools/pd-ctl/pdctl/command/config_command.go:83.55,90.2 2 1
github.com/pingcap/pd/tools/pd-ctl/pdctl/command/config_command.go:93.51,100.2 2 1
github.com/pingcap/pd/tools/pd-ctl/pdctl/command/config_command.go:103.52,110.2 2 1
github.com/pingcap/pd/tools/pd-ctl/pdctl/command/config_command.go:113.43,123.2 5 1
github.com/pingcap/pd/tools/pd-ctl/pdctl/command/config_command.go:126.52,133.2 2 1
github.com/pingcap/pd/tools/pd-ctl/pdctl/command/config_command.go:136.50,143.2 2 1
github.com/pingcap/pd/tools/pd-ctl/pdctl/command/config_command.go:146.51,153.2 2 1
github.com/pingcap/pd/tools/pd-ctl/pdctl/command/config_command.go:156.46,164.2 4 1
github.com/pingcap/pd/tools/pd-ctl/pdctl/command/config_command.go:167.55,174.2 2 1
github.com/pingcap/pd/tools/pd-ctl/pdctl/command/config_command.go:177.59,184.2 2 1
github.com/pingcap/pd/tools/pd-ctl/pdctl/command/config_command.go:186.63,188.16 2 0
github.com/pingcap/pd/tools/pd-ctl/pdctl/command/config_command.go:192.2,194.16 3 0
github.com/pingcap/pd/tools/pd-ctl/pdctl/command/config_command.go:199.2,204.16 5 0
github.com/pingcap/pd/tools/pd-ctl/pdctl/command/config_command.go:208.2,208.24 1 0
github.com/pingcap/pd/tools/pd-ctl/pdctl/command/config_command.go:188.16,191.3 2 0
github.com/pingcap/pd/tools/pd-ctl/pdctl/command/config_command.go:194.16,197.3 2 0
github.com/pingcap/pd/tools/pd-ctl/pdctl/command/config_command.go:204.16,207.3 2 0
github.com/pingcap/pd/tools/pd-ctl/pdctl/command/config_command.go:211.74,213.16 2 0
github.com/pingcap/pd/tools/pd-ctl/pdctl/command/config_command.go:217.2,217.16 1 0
github.com/pingcap/pd/tools/pd-ctl/pdctl/command/config_command.go:213.16,216.3 2 0
github.com/pingcap/pd/tools/pd-ctl/pdctl/command/config_command.go:220.76,222.16 2 0
github.com/pingcap/pd/tools/pd-ctl/pdctl/command/config_command.go:226.2,226.16 1 0
github.com/pingcap/pd/tools/pd-ctl/pdctl/command/config_command.go:222.16,225.3 2 0
github.com/pingcap/pd/tools/pd-ctl/pdctl/command/config_command.go:229.66,231.16 2 0
github.com/pingcap/pd/tools/pd-ctl/pdctl/command/config_command.go:235.2,235.16 1 0
github.com/pingcap/pd/tools/pd-ctl/pdctl/command/config_command.go:231.16,234.3 2 0
github.com/pingcap/pd/tools/pd-ctl/pdctl/command/config_command.go:238.72,239.20 1 0
github.com/pingcap/pd/tools/pd-ctl/pdctl/command/config_command.go:243.2,245.16 3 0
github.com/pingcap/pd/tools/pd-ctl/pdctl/command/config_command.go:249.2,249.16 1 0
github.com/pingcap/pd/tools/pd-ctl/pdctl/command/config_command.go:239.20,242.3 2 0
github.com/pingcap/pd/tools/pd-ctl/pdctl/command/config_command.go:245.16,248.3 2 0
github.com/pingcap/pd/tools/pd-ctl/pdctl/command/config_command.go:252.71,254.16 2 0
github.com/pingcap/pd/tools/pd-ctl/pdctl/command/config_command.go:258.2,258.16 1 0
github.com/pingcap/pd/tools/pd-ctl/pdctl/command/config_command.go:254.16,257.3 2 0
github.com/pingcap/pd/tools/pd-ctl/pdctl/command/config_command.go:261.80,265.16 4 0
github.com/pingcap/pd/tools/pd-ctl/pdctl/command/config_command.go:268.2,270.16 3 0
github.com/pingcap/pd/tools/pd-ctl/pdctl/command/config_command.go:273.2,275.16 2 0
github.com/pingcap/pd/tools/pd-ctl/pdctl/command/config_command.go:278.2,278.12 1 0
github.com/pingcap/pd/tools/pd-ctl/pdctl/command/config_command.go:265.16,267.3 1 0
github.com/pingcap/pd/tools/pd-ctl/pdctl/command/config_command.go:270.16,272.3 1 0
github.com/pingcap/pd/tools/pd-ctl/pdctl/command/config_command.go:275.16,277.3 1 0
github.com/pingcap/pd/tools/pd-ctl/pdctl/command/config_command.go:281.62,282.20 1 0
github.com/pingcap/pd/tools/pd-ctl/pdctl/command/config_command.go:286.2,288.16 3 0
github.com/pingcap/pd/tools/pd-ctl/pdctl/command/config_command.go:292.2,292.25 1 0
github.com/pingcap/pd/tools/pd-ctl/pdctl/command/config_command.go:282.20,285.3 2 0
github.com/pingcap/pd/tools/pd-ctl/pdctl/command/config_command.go:288.16,291.3 2 0
github.com/pingcap/pd/tools/pd-ctl/pdctl/command/config_command.go:295.71,296.20 1 0
github.com/pingcap/pd/tools/pd-ctl/pdctl/command/config_command.go:300.2,303.16 4 0
github.com/pingcap/pd/tools/pd-ctl/pdctl/command/config_command.go:307.2,307.25 1 0
github.com/pingcap/pd/tools/pd-ctl/pdctl/command/config_command.go:296.20,299.3 2 0
github.com/pingcap/pd/tools/pd-ctl/pdctl/command/config_command.go:303.16,306.3 2 0
github.com/pingcap/pd/tools/pd-ctl/pdctl/command/config_command.go:310.74,311.38 1 0
github.com/pingcap/pd/tools/pd-ctl/pdctl/command/config_command.go:316.2,319.20 3 0
github.com/pingcap/pd/tools/pd-ctl/pdctl/command/config_command.go:334.2,334.25 1 0
github.com/pingcap/pd/tools/pd-ctl/pdctl/command/config_command.go:311.38,314.3 2 0
github.com/pingcap/pd/tools/pd-ctl/pdctl/command/config_command.go:319.20,323.17 3 0
github.com/pingcap/pd/tools/pd-ctl/pdctl/command/config_command.go:323.17,326.4 2 0
github.com/pingcap/pd/tools/pd-ctl/pdctl/command/config_command.go:327.8,329.17 2 0
github.com/pingcap/pd/tools/pd-ctl/pdctl/command/config_command.go:329.17,332.4 2 0
github.com/pingcap/pd/tools/pd-ctl/pdctl/command/config_command.go:337.75,339.2 1 0
github.com/pingcap/pd/tools/pd-ctl/pdctl/command/config_command.go:341.78,343.2 1 0
github.com/pingcap/pd/tools/pd-ctl/pdctl/command/config_command.go:345.74,346.20 1 0
github.com/pingcap/pd/tools/pd-ctl/pdctl/command/config_command.go:350.2,357.30 3 0
github.com/pingcap/pd/tools/pd-ctl/pdctl/command/config_command.go:346.20,349.3 2 0
github.com/pingcap/pd/tools/pd-ctl/pdctl/command/config_command.go:360.70,361.20 1 0
github.com/pingcap/pd/tools/pd-ctl/pdctl/command/config_command.go:365.2,368.44 2 0
github.com/pingcap/pd/tools/pd-ctl/pdctl/command/config_command.go:361.20,364.3 2 0
github.com/pingcap/pd/tools/pd-ctl/pdctl/command/log_command.go:29.37,36.2 2 1
github.com/pingcap/pd/tools/pd-ctl/pdctl/command/log_command.go:38.56,40.20 2 0
github.com/pingcap/pd/tools/pd-ctl/pdctl/command/log_command.go:45.2,46.16 2 0
github.com/pingcap/pd/tools/pd-ctl/pdctl/command/log_command.go:50.2,52.16 2 0
github.com/pingcap/pd/tools/pd-ctl/pdctl/command/log_command.go:56.2,56.25 1 0
github.com/pingcap/pd/tools/pd-ctl/pdctl/command/log_command.go:40.20,43.3 2 0
github.com/pingcap/pd/tools/pd-ctl/pdctl/command/log_command.go:46.16,49.3 2 0
github.com/pingcap/pd/tools/pd-ctl/pdctl/command/log_command.go:52.16,55.3 2 0
github.com/pingcap/pd/tools/pd-ctl/pdctl/command/parse_response_of_regions.go:12.61,13.33 1 0
github.com/pingcap/pd/tools/pd-ctl/pdctl/command/parse_response_of_regions.go:13.33,15.3 1 0
github.com/pingcap/pd/tools/pd-ctl/pdctl/command/parse_response_of_regions.go:15.7,18.30 3 0
github.com/pingcap/pd/tools/pd-ctl/pdctl/command/parse_response_of_regions.go:28.3,29.24 2 0
github.com/pingcap/pd/tools/pd-ctl/pdctl/command/parse_response_of_regions.go:32.3,32.23 1 0
github.com/pingcap/pd/tools/pd-ctl/pdctl/command/parse_response_of_regions.go:18.30,19.30 1 0
github.com/pingcap/pd/tools/pd-ctl/pdctl/command/parse_response_of_regions.go:19.30,22.17 3 0
github.com/pingcap/pd/tools/pd-ctl/pdctl/command/parse_response_of_regions.go:25.5,25.33 1 0
github.com/pingcap/pd/tools/pd-ctl/pdctl/command/parse_response_of_regions.go:22.17,24.6 1 0
github.com/pingcap/pd/tools/pd-ctl/pdctl/command/parse_response_of_regions.go:26.9,26.18 1 0
github.com/pingcap/pd/tools/pd-ctl/pdctl/command/parse_response_of_regions.go:29.24,31.4 1 0
github.com/pingcap/pd/tools/pd-ctl/pdctl/command/parse_response_of_regions.go:36.87,39.45 3 0
github.com/pingcap/pd/tools/pd-ctl/pdctl/command/parse_response_of_regions.go:73.2,73.26 1 0
github.com/pingcap/pd/tools/pd-ctl/pdctl/command/parse_response_of_regions.go:39.45,43.31 4 0
github.com/pingcap/pd/tools/pd-ctl/pdctl/command/parse_response_of_regions.go:49.3,52.17 4 0
github.com/pingcap/pd/tools/pd-ctl/pdctl/command/parse_response_of_regions.go:55.3,55.26 1 0
github.com/pingcap/pd/tools/pd-ctl/pdctl/command/parse_response_of_regions.go:58.3,59.17 2 0
github.com/pingcap/pd/tools/pd-ctl/pdctl/command/parse_response_of_regions.go:63.3,64.15 2 0
github.com/pingcap/pd/tools/pd-ctl/pdctl/command/parse_response_of_regions.go:71.3,71.13 1 0
github.com/pingcap/pd/tools/pd-ctl/pdctl/command/parse_response_of_regions.go:43.31,45.31 2 0
github.com/pingcap/pd/tools/pd-ctl/pdctl/command/parse_response_of_regions.go:45.31,47.5 1 0
github.com/pingcap/pd/tools/pd-ctl/pdctl/command/parse_response_of_regions.go:52.17,54.4 1 0
github.com/pingcap/pd/tools/pd-ctl/pdctl/command/parse_response_of_regions.go:55.26,57.4 1 0
github.com/pingcap/pd/tools/pd-ctl/pdctl/command/parse_response_of_regions.go:59.17,61.4 1 0
github.com/pingcap/pd/tools/pd-ctl/pdctl/command/parse_response_of_regions.go:64.15,67.4 2 0
github.com/pingcap/pd/tools/pd-ctl/pdctl/command/parse_response_of_regions.go:67.8,70.4 2 0
github.com/pingcap/pd/tools/pd-ctl/pdctl/command/ping_command.go:24.38,31.2 2 1
github.com/pingcap/pd/tools/pd-ctl/pdctl/command/ping_command.go:33.61,36.16 3 0
github.com/pingcap/pd/tools/pd-ctl/pdctl/command/ping_command.go:40.2,41.31 2 0
github.com/pingcap/pd/tools/pd-ctl/pdctl/command/ping_command.go:36.16,39.3 2 0
github.com/pingcap/pd/tools/pd-ctl/pdctl/command/t_operator.go:17.42,29.2 8 0
github.com/pingcap/pd/tools/pd-ctl/pdctl/command/t_operator.go:31.43,38.2 2 0
github.com/pingcap/pd/tools/pd-ctl/pdctl/command/t_operator.go:40.61,41.18 1 0
github.com/pingcap/pd/tools/pd-ctl/pdctl/command/t_operator.go:46.2,49.14 3 0
github.com/pingcap/pd/tools/pd-ctl/pdctl/command/t_operator.go:53.2,54.14 2 0
github.com/pingcap/pd/tools/pd-ctl/pdctl/command/t_operator.go:58.2,60.39 3 0
github.com/pingcap/pd/tools/pd-ctl/pdctl/command/t_operator.go:41.18,44.3 2 0
github.com/pingcap/pd/tools/pd-ctl/pdctl/command/t_operator.go:49.14,52.3 2 0
github.com/pingcap/pd/tools/pd-ctl/pdctl/command/t_operator.go:54.14,57.3 2 0
github.com/pingcap/pd/tools/pd-ctl/pdctl/command/t_operator.go:63.54,71.2 3 0
github.com/pingcap/pd/tools/pd-ctl/pdctl/command/t_operator.go:73.54,80.2 2 0
github.com/pingcap/pd/tools/pd-ctl/pdctl/command/t_operator.go:81.73,82.18 1 0
github.com/pingcap/pd/tools/pd-ctl/pdctl/command/t_operator.go:86.2,87.13 2 0
github.com/pingcap/pd/tools/pd-ctl/pdctl/command/t_operator.go:91.2,93.16 3 0
github.com/pingcap/pd/tools/pd-ctl/pdctl/command/t_operator.go:97.2,99.16 3 0
github.com/pingcap/pd/tools/pd-ctl/pdctl/command/t_operator.go:103.2,103.16 1 0
github.com/pingcap/pd/tools/pd-ctl/pdctl/command/t_operator.go:82.18,85.3 2 0
github.com/pingcap/pd/tools/pd-ctl/pdctl/command/t_operator.go:87.13,90.3 2 0
github.com/pingcap/pd/tools/pd-ctl/pdctl/command/t_operator.go:93.16,96.3 2 0
github.com/pingcap/pd/tools/pd-ctl/pdctl/command/t_operator.go:99.16,102.3 2 0
github.com/pingcap/pd/tools/pd-ctl/pdctl/command/t_operator.go:107.72,108.18 1 0
github.com/pingcap/pd/tools/pd-ctl/pdctl/command/t_operator.go:112.2,114.43 3 0
github.com/pingcap/pd/tools/pd-ctl/pdctl/command/t_operator.go:108.18,111.3 2 0
github.com/pingcap/pd/tools/pd-ctl/pdctl/command/t_operator.go:114.43,118.31 4 0
github.com/pingcap/pd/tools/pd-ctl/pdctl/command/t_operator.go:124.3,127.17 4 0
github.com/pingcap/pd/tools/pd-ctl/pdctl/command/t_operator.go:130.3,130.26 1 0
github.com/pingcap/pd/tools/pd-ctl/pdctl/command/t_operator.go:133.3,134.17 2 0
github.com/pingcap/pd/tools/pd-ctl/pdctl/command/t_operator.go:138.3,139.14 2 0
github.com/pingcap/pd/tools/pd-ctl/pdctl/command/t_operator.go:144.3,144.13 1 0
github.com/pingcap/pd/tools/pd-ctl/pdctl/command/t_operator.go:118.31,120.31 2 0
github.com/pingcap/pd/tools/pd-ctl/pdctl/command/t_operator.go:120.31,122.5 1 0
github.com/pingcap/pd/tools/pd-ctl/pdctl/command/t_operator.go:127.17,129.4 1 0
github.com/pingcap/pd/tools/pd-ctl/pdctl/command/t_operator.go:130.26,132.4 1 0
github.com/pingcap/pd/tools/pd-ctl/pdctl/command/t_operator.go:134.17,136.4 1 0
github.com/pingcap/pd/tools/pd-ctl/pdctl/command/t_operator.go:139.14,141.4 1 0
github.com/pingcap/pd/tools/pd-ctl/pdctl/command/t_operator.go:141.8,143.4 1 0
github.com/pingcap/pd/tools/pd-ctl/pdctl/command/t_operator.go:148.51,155.2 2 0
github.com/pingcap/pd/tools/pd-ctl/pdctl/command/t_operator.go:156.68,157.18 1 0
github.com/pingcap/pd/tools/pd-ctl/pdctl/command/t_operator.go:162.2,162.43 1 0
github.com/pingcap/pd/tools/pd-ctl/pdctl/command/t_operator.go:157.18,161.3 3 0
github.com/pingcap/pd/tools/pd-ctl/pdctl/command/t_operator.go:162.43,166.31 4 0
github.com/pingcap/pd/tools/pd-ctl/pdctl/command/t_operator.go:172.3,175.17 4 0
github.com/pingcap/pd/tools/pd-ctl/pdctl/command/t_operator.go:178.3,178.26 1 0
github.com/pingcap/pd/tools/pd-ctl/pdctl/command/t_operator.go:182.3,183.17 2 0
github.com/pingcap/pd/tools/pd-ctl/pdctl/command/t_operator.go:186.3,188.13 3 0
github.com/pingcap/pd/tools/pd-ctl/pdctl/command/t_operator.go:166.31,168.31 2 0
github.com/pingcap/pd/tools/pd-ctl/pdctl/command/t_operator.go:168.31,170.5 1 0
github.com/pingcap/pd/tools/pd-ctl/pdctl/command/t_operator.go:175.17,177.4 1 0
github.com/pingcap/pd/tools/pd-ctl/pdctl/command/t_operator.go:178.26,180.4 1 0
github.com/pingcap/pd/tools/pd-ctl/pdctl/command/t_operator.go:183.17,185.4 1 0
github.com/pingcap/pd/tools/pd-ctl/pdctl/command/t_operator.go:191.45,199.2 3 0
github.com/pingcap/pd/tools/pd-ctl/pdctl/command/t_operator.go:200.49,208.2 3 0
github.com/pingcap/pd/tools/pd-ctl/pdctl/command/t_operator.go:209.66,210.18 1 0
github.com/pingcap/pd/tools/pd-ctl/pdctl/command/t_operator.go:214.2,215.13 2 0
github.com/pingcap/pd/tools/pd-ctl/pdctl/command/t_operator.go:219.2,222.16 4 0
github.com/pingcap/pd/tools/pd-ctl/pdctl/command/t_operator.go:226.2,226.16 1 0
github.com/pingcap/pd/tools/pd-ctl/pdctl/command/t_operator.go:210.18,213.3 2 0
github.com/pingcap/pd/tools/pd-ctl/pdctl/command/t_operator.go:215.13,218.3 2 0
github.com/pingcap/pd/tools/pd-ctl/pdctl/command/t_operator.go:222.16,225.3 2 0
github.com/pingcap/pd/tools/pd-ctl/pdctl/command/t_operator.go:229.48,237.2 3 0
github.com/pingcap/pd/tools/pd-ctl/pdctl/command/t_operator.go:238.68,239.33 1 0
github.com/pingcap/pd/tools/pd-ctl/pdctl/command/t_operator.go:243.2,244.13 2 0
github.com/pingcap/pd/tools/pd-ctl/pdctl/command/t_operator.go:249.2,254.17 5 0
github.com/pingcap/pd/tools/pd-ctl/pdctl/command/t_operator.go:285.2,285.32 1 0
github.com/pingcap/pd/tools/pd-ctl/pdctl/command/t_operator.go:239.33,242.3 2 0
github.com/pingcap/pd/tools/pd-ctl/pdctl/command/t_operator.go:244.13,247.3 2 0
github.com/pingcap/pd/tools/pd-ctl/pdctl/command/t_operator.go:254.17,255.55 1 0
github.com/pingcap/pd/tools/pd-ctl/pdctl/command/t_operator.go:266.3,267.14 2 0
github.com/pingcap/pd/tools/pd-ctl/pdctl/command/t_operator.go:271.3,271.28 1 0
github.com/pingcap/pd/tools/pd-ctl/pdctl/command/t_operator.go:256.14,257.28 1 0
github.com/pingcap/pd/tools/pd-ctl/pdctl/command/t_operator.go:258.15,259.29 1 0
github.com/pingcap/pd/tools/pd-ctl/pdctl/command/t_operator.go:260.14,261.28 1 0
github.com/pingcap/pd/tools/pd-ctl/pdctl/command/t_operator.go:262.11,264.10 2 0
github.com/pingcap/pd/tools/pd-ctl/pdctl/command/t_operator.go:267.14,270.4 2 0
github.com/pingcap/pd/tools/pd-ctl/pdctl/command/table_namespace_command.go:32.48,46.2 9 1
github.com/pingcap/pd/tools/pd-ctl/pdctl/command/table_namespace_command.go:49.49,56.2 2 1
github.com/pingcap/pd/tools/pd-ctl/pdctl/command/table_namespace_command.go:59.44,66.2 2 1
github.com/pingcap/pd/tools/pd-ctl/pdctl/command/table_namespace_command.go:69.47,76.2 2 1
github.com/pingcap/pd/tools/pd-ctl/pdctl/command/table_namespace_command.go:78.66,80.16 2 0
github.com/pingcap/pd/tools/pd-ctl/pdctl/command/table_namespace_command.go:84.2,84.16 1 0
github.com/pingcap/pd/tools/pd-ctl/pdctl/command/table_namespace_command.go:80.16,83.3 2 0
github.com/pingcap/pd/tools/pd-ctl/pdctl/command/table_namespace_command.go:87.68,88.20 1 0
github.com/pingcap/pd/tools/pd-ctl/pdctl/command/table_namespace_command.go:93.2,97.40 2 0
github.com/pingcap/pd/tools/pd-ctl/pdctl/command/table_namespace_command.go:88.20,91.3 2 0
github.com/pingcap/pd/tools/pd-ctl/pdctl/command/table_namespace_command.go:100.61,101.20 1 0
github.com/pingcap/pd/tools/pd-ctl/pdctl/command/table_namespace_command.go:105.2,105.49 1 0
github.com/pingcap/pd/tools/pd-ctl/pdctl/command/table_namespace_command.go:110.2,116.44 2 0
github.com/pingcap/pd/tools/pd-ctl/pdctl/command/table_namespace_command.go:101.20,104.3 2 0
github.com/pingcap/pd/tools/pd-ctl/pdctl/command/table_namespace_command.go:105.49,108.3 2 0
github.com/pingcap/pd/tools/pd-ctl/pdctl/command/table_namespace_command.go:119.64,120.20 1 0
github.com/pingcap/pd/tools/pd-ctl/pdctl/command/table_namespace_command.go:124.2,124.49 1 0
github.com/pingcap/pd/tools/pd-ctl/pdctl/command/table_namespace_command.go:129.2,135.44 2 0
github.com/pingcap/pd/tools/pd-ctl/pdctl/command/table_namespace_command.go:120.20,123.3 2 0
github.com/pingcap/pd/tools/pd-ctl/pdctl/command/table_namespace_command.go:124.49,127.3 2 0
github.com/pingcap/pd/tools/pd-ctl/pdctl/command/table_namespace_command.go:139.51,147.2 2 1
github.com/pingcap/pd/tools/pd-ctl/pdctl/command/table_namespace_command.go:150.54,158.2 2 1
github.com/pingcap/pd/tools/pd-ctl/pdctl/command/table_namespace_command.go:160.70,161.20 1 0
github.com/pingcap/pd/tools/pd-ctl/pdctl/command/table_namespace_command.go:165.2,166.16 2 0
github.com/pingcap/pd/tools/pd-ctl/pdctl/command/table_namespace_command.go:170.2,174.4 2 0
github.com/pingcap/pd/tools/pd-ctl/pdctl/command/table_namespace_command.go:161.20,164.3 2 0
github.com/pingcap/pd/tools/pd-ctl/pdctl/command/table_namespace_command.go:166.16,169.3 2 0
github.com/pingcap/pd/tools/pd-ctl/pdctl/command/table_namespace_command.go:177.73,178.20 1 0
github.com/pingcap/pd/tools/pd-ctl/pdctl/command/table_namespace_command.go:182.2,183.16 2 0
github.com/pingcap/pd/tools/pd-ctl/pdctl/command/table_namespace_command.go:187.2,191.4 2 0
github.com/pingcap/pd/tools/pd-ctl/pdctl/command/table_namespace_command.go:178.20,181.3 2 0
github.com/pingcap/pd/tools/pd-ctl/pdctl/command/table_namespace_command.go:183.16,186.3 2 0
github.com/pingcap/pd/tools/pd-ctl/pdctl/command/table_namespace_command.go:194.50,200.2 1 1
github.com/pingcap/pd/tools/pd-ctl/pdctl/command/table_namespace_command.go:202.53,208.2 1 1
github.com/pingcap/pd/tools/pd-ctl/pdctl/command/table_namespace_command.go:210.69,211.20 1 0
github.com/pingcap/pd/tools/pd-ctl/pdctl/command/table_namespace_command.go:215.2,219.43 2 0
github.com/pingcap/pd/tools/pd-ctl/pdctl/command/table_namespace_command.go:211.20,214.3 2 0
github.com/pingcap/pd/tools/pd-ctl/pdctl/command/table_namespace_command.go:222.72,223.20 1 0
github.com/pingcap/pd/tools/pd-ctl/pdctl/command/table_namespace_command.go:227.2,231.43 2 0
github.com/pingcap/pd/tools/pd-ctl/pdctl/command/table_namespace_command.go:223.20,226.3 2 0
github.com/pingcap/pd/tools/pd-ctl/pdctl/command/cluster_command.go:25.41,32.2 2 1
github.com/pingcap/pd/tools/pd-ctl/pdctl/command/cluster_command.go:34.64,36.16 2 0
github.com/pingcap/pd/tools/pd-ctl/pdctl/command/cluster_command.go:40.2,40.16 1 0
github.com/pingcap/pd/tools/pd-ctl/pdctl/command/cluster_command.go:36.16,39.3 2 0
github.com/pingcap/pd/tools/pd-ctl/pdctl/command/global.go:38.62,45.16 3 0
github.com/pingcap/pd/tools/pd-ctl/pdctl/command/global.go:49.2,55.12 2 0
github.com/pingcap/pd/tools/pd-ctl/pdctl/command/global.go:45.16,47.3 1 0
github.com/pingcap/pd/tools/pd-ctl/pdctl/command/global.go:67.62,68.30 1 0
github.com/pingcap/pd/tools/pd-ctl/pdctl/command/global.go:68.30,71.3 2 0
github.com/pingcap/pd/tools/pd-ctl/pdctl/command/global.go:74.38,76.25 2 1
github.com/pingcap/pd/tools/pd-ctl/pdctl/command/global.go:79.2,81.43 3 1
github.com/pingcap/pd/tools/pd-ctl/pdctl/command/global.go:101.2,101.18 1 1
github.com/pingcap/pd/tools/pd-ctl/pdctl/command/global.go:76.25,78.3 1 0
github.com/pingcap/pd/tools/pd-ctl/pdctl/command/global.go:81.43,83.19 2 1
github.com/pingcap/pd/tools/pd-ctl/pdctl/command/global.go:86.3,88.17 3 1
github.com/pingcap/pd/tools/pd-ctl/pdctl/command/global.go:91.3,91.26 1 1
github.com/pingcap/pd/tools/pd-ctl/pdctl/command/global.go:95.3,96.17 2 1
github.com/pingcap/pd/tools/pd-ctl/pdctl/command/global.go:99.3,99.13 1 1
github.com/pingcap/pd/tools/pd-ctl/pdctl/command/global.go:83.19,85.4 1 0
github.com/pingcap/pd/tools/pd-ctl/pdctl/command/global.go:88.17,90.4 1 0
github.com/pingcap/pd/tools/pd-ctl/pdctl/command/global.go:91.26,93.4 1 0
github.com/pingcap/pd/tools/pd-ctl/pdctl/command/global.go:96.17,98.4 1 0
github.com/pingcap/pd/tools/pd-ctl/pdctl/command/global.go:104.46,106.16 2 1
github.com/pingcap/pd/tools/pd-ctl/pdctl/command/global.go:109.2,110.38 2 1
github.com/pingcap/pd/tools/pd-ctl/pdctl/command/global.go:119.2,120.16 2 1
github.com/pingcap/pd/tools/pd-ctl/pdctl/command/global.go:123.2,123.29 1 1
github.com/pingcap/pd/tools/pd-ctl/pdctl/command/global.go:106.16,108.3 1 0
github.com/pingcap/pd/tools/pd-ctl/pdctl/command/global.go:110.38,113.17 3 0
github.com/pingcap/pd/tools/pd-ctl/pdctl/command/global.go:116.3,116.59 1 0
github.com/pingcap/pd/tools/pd-ctl/pdctl/command/global.go:113.17,115.4 1 0
github.com/pingcap/pd/tools/pd-ctl/pdctl/command/global.go:120.16,122.3 1 0
github.com/pingcap/pd/tools/pd-ctl/pdctl/command/global.go:131.44,133.16 2 1
github.com/pingcap/pd/tools/pd-ctl/pdctl/command/global.go:137.2,138.37 2 1
github.com/pingcap/pd/tools/pd-ctl/pdctl/command/global.go:159.2,159.16 1 1
github.com/pingcap/pd/tools/pd-ctl/pdctl/command/global.go:133.16,136.3 2 0
github.com/pingcap/pd/tools/pd-ctl/pdctl/command/global.go:138.37,141.17 3 1
github.com/pingcap/pd/tools/pd-ctl/pdctl/command/global.go:148.3,148.63 1 1
github.com/pingcap/pd/tools/pd-ctl/pdctl/command/global.go:152.3,154.17 3 1
github.com/pingcap/pd/tools/pd-ctl/pdctl/command/global.go:157.3,157.8 1 1
github.com/pingcap/pd/tools/pd-ctl/pdctl/command/global.go:141.17,144.4 2 0
github.com/pingcap/pd/tools/pd-ctl/pdctl/command/global.go:148.63,150.4 1 0
github.com/pingcap/pd/tools/pd-ctl/pdctl/command/global.go:154.17,155.12 1 0
github.com/pingcap/pd/tools/pd-ctl/pdctl/command/global.go:159.16,161.3 1 0
github.com/pingcap/pd/tools/pd-ctl/pdctl/command/global.go:164.49,168.2 3 1
github.com/pingcap/pd/tools/pd-ctl/pdctl/command/global.go:170.80,172.16 2 1
github.com/pingcap/pd/tools/pd-ctl/pdctl/command/global.go:177.2,177.43 1 1
github.com/pingcap/pd/tools/pd-ctl/pdctl/command/global.go:172.16,175.3 2 0
github.com/pingcap/pd/tools/pd-ctl/pdctl/command/global.go:177.43,180.17 3 1
github.com/pingcap/pd/tools/pd-ctl/pdctl/command/global.go:183.3,184.36 2 1
github.com/pingcap/pd/tools/pd-ctl/pdctl/command/global.go:191.3,191.13 1 1
github.com/pingcap/pd/tools/pd-ctl/pdctl/command/global.go:180.17,182.4 1 0
github.com/pingcap/pd/tools/pd-ctl/pdctl/command/global.go:184.36,185.48 1 1
github.com/pingcap/pd/tools/pd-ctl/pdctl/command/global.go:188.4,188.14 1 1
github.com/pingcap/pd/tools/pd-ctl/pdctl/command/global.go:185.48,187.5 1 0
github.com/pingcap/pd/tools/pd-ctl/pdctl/command/health_command.go:27.40,34.2 2 1
github.com/pingcap/pd/tools/pd-ctl/pdctl/command/health_command.go:36.63,38.16 2 0
github.com/pingcap/pd/tools/pd-ctl/pdctl/command/health_command.go:42.2,42.16 1 0
github.com/pingcap/pd/tools/pd-ctl/pdctl/command/health_command.go:38.16,41.3 2 0
github.com/pingcap/pd/tools/pd-ctl/pdctl/command/operator.go:30.42,40.2 6 1
github.com/pingcap/pd/tools/pd-ctl/pdctl/command/operator.go:43.47,50.2 2 1
github.com/pingcap/pd/tools/pd-ctl/pdctl/command/operator.go:53.46,60.2 2 1
github.com/pingcap/pd/tools/pd-ctl/pdctl/command/operator.go:62.65,64.20 2 0
github.com/pingcap/pd/tools/pd-ctl/pdctl/command/operator.go:73.2,74.16 2 0
github.com/pingcap/pd/tools/pd-ctl/pdctl/command/operator.go:78.2,78.16 1 0
github.com/pingcap/pd/tools/pd-ctl/pdctl/command/operator.go:64.20,66.3 1 0
github.com/pingcap/pd/tools/pd-ctl/pdctl/command/operator.go:66.8,66.27 1 0
github.com/pingcap/pd/tools/pd-ctl/pdctl/command/operator.go:66.27,68.3 1 0
github.com/pingcap/pd/tools/pd-ctl/pdctl/command/operator.go:68.8,71.3 2 0
github.com/pingcap/pd/tools/pd-ctl/pdctl/command/operator.go:74.16,77.3 2 0
github.com/pingcap/pd/tools/pd-ctl/pdctl/command/operator.go:81.66,83.20 2 0
github.com/pingcap/pd/tools/pd-ctl/pdctl/command/operator.go:92.2,93.16 2 0
github.com/pingcap/pd/tools/pd-ctl/pdctl/command/operator.go:97.2,97.16 1 0
github.com/pingcap/pd/tools/pd-ctl/pdctl/command/operator.go:83.20,85.3 1 0
github.com/pingcap/pd/tools/pd-ctl/pdctl/command/operator.go:85.8,85.27 1 0
github.com/pingcap/pd/tools/pd-ctl/pdctl/command/operator.go:85.27,87.3 1 0
github.com/pingcap/pd/tools/pd-ctl/pdctl/command/operator.go:87.8,90.3 2 0
github.com/pingcap/pd/tools/pd-ctl/pdctl/command/operator.go:93.16,96.3 2 0
github.com/pingcap/pd/tools/pd-ctl/pdctl/command/operator.go:101.45,116.2 11 1
github.com/pingcap/pd/tools/pd-ctl/pdctl/command/operator.go:119.48,126.2 2 1
github.com/pingcap/pd/tools/pd-ctl/pdctl/command/operator.go:128.67,129.20 1 0
github.com/pingcap/pd/tools/pd-ctl/pdctl/command/operator.go:134.2,135.16 2 0
github.com/pingcap/pd/tools/pd-ctl/pdctl/command/operator.go:140.2,144.39 5 0
github.com/pingcap/pd/tools/pd-ctl/pdctl/command/operator.go:129.20,132.3 2 0
github.com/pingcap/pd/tools/pd-ctl/pdctl/command/operator.go:135.16,138.3 2 0
github.com/pingcap/pd/tools/pd-ctl/pdctl/command/operator.go:148.48,155.2 2 1
github.com/pingcap/pd/tools/pd-ctl/pdctl/command/operator.go:157.67,158.20 1 0
github.com/pingcap/pd/tools/pd-ctl/pdctl/command/operator.go:163.2,164.16 2 0
github.com/pingcap/pd/tools/pd-ctl/pdctl/command/operator.go:169.2,174.39 5 0
github.com/pingcap/pd/tools/pd-ctl/pdctl/command/operator.go:158.20,161.3 2 0
github.com/pingcap/pd/tools/pd-ctl/pdctl/command/operator.go:164.16,167.3 2 0
github.com/pingcap/pd/tools/pd-ctl/pdctl/command/operator.go:178.46,185.2 2 1
github.com/pingcap/pd/tools/pd-ctl/pdctl/command/operator.go:187.65,188.20 1 0
github.com/pingcap/pd/tools/pd-ctl/pdctl/command/operator.go:193.2,194.16 2 0
github.com/pingcap/pd/tools/pd-ctl/pdctl/command/operator.go:199.2,204.39 6 0
github.com/pingcap/pd/tools/pd-ctl/pdctl/command/operator.go:188.20,191.3 2 0
github.com/pingcap/pd/tools/pd-ctl/pdctl/command/operator.go:194.16,197.3 2 0
github.com/pingcap/pd/tools/pd-ctl/pdctl/command/operator.go:208.41,215.2 2 1
github.com/pingcap/pd/tools/pd-ctl/pdctl/command/operator.go:217.60,218.20 1 0
github.com/pingcap/pd/tools/pd-ctl/pdctl/command/operator.go:223.2,224.16 2 0
github.com/pingcap/pd/tools/pd-ctl/pdctl/command/operator.go:229.2,233.39 5 0
github.com/pingcap/pd/tools/pd-ctl/pdctl/command/operator.go:218.20,221.3 2 0
github.com/pingcap/pd/tools/pd-ctl/pdctl/command/operator.go:224.16,227.3 2 0
github.com/pingcap/pd/tools/pd-ctl/pdctl/command/operator.go:237.44,244.2 2 1
github.com/pingcap/pd/tools/pd-ctl/pdctl/command/operator.go:246.63,247.20 1 0
github.com/pingcap/pd/tools/pd-ctl/pdctl/command/operator.go:252.2,253.16 2 0
github.com/pingcap/pd/tools/pd-ctl/pdctl/command/operator.go:258.2,262.39 5 0
github.com/pingcap/pd/tools/pd-ctl/pdctl/command/operator.go:247.20,250.3 2 0
github.com/pingcap/pd/tools/pd-ctl/pdctl/command/operator.go:253.16,256.3 2 0
github.com/pingcap/pd/tools/pd-ctl/pdctl/command/operator.go:266.45,273.2 2 1
github.com/pingcap/pd/tools/pd-ctl/pdctl/command/operator.go:275.64,276.20 1 0
github.com/pingcap/pd/tools/pd-ctl/pdctl/command/operator.go:281.2,282.16 2 0
github.com/pingcap/pd/tools/pd-ctl/pdctl/command/operator.go:287.2,291.39 5 0
github.com/pingcap/pd/tools/pd-ctl/pdctl/command/operator.go:276.20,279.3 2 0
github.com/pingcap/pd/tools/pd-ctl/pdctl/command/operator.go:282.16,285.3 2 0
github.com/pingcap/pd/tools/pd-ctl/pdctl/command/operator.go:295.44,302.2 2 1
github.com/pingcap/pd/tools/pd-ctl/pdctl/command/operator.go:304.63,305.20 1 0
github.com/pingcap/pd/tools/pd-ctl/pdctl/command/operator.go:310.2,311.16 2 0
github.com/pingcap/pd/tools/pd-ctl/pdctl/command/operator.go:316.2,320.39 5 0
github.com/pingcap/pd/tools/pd-ctl/pdctl/command/operator.go:305.20,308.3 2 0
github.com/pingcap/pd/tools/pd-ctl/pdctl/command/operator.go:311.16,314.3 2 0
github.com/pingcap/pd/tools/pd-ctl/pdctl/command/operator.go:324.45,332.2 3 1
github.com/pingcap/pd/tools/pd-ctl/pdctl/command/operator.go:334.64,335.20 1 0
github.com/pingcap/pd/tools/pd-ctl/pdctl/command/operator.go:340.2,341.16 2 0
github.com/pingcap/pd/tools/pd-ctl/pdctl/command/operator.go:346.2,347.16 2 0
github.com/pingcap/pd/tools/pd-ctl/pdctl/command/operator.go:355.2,359.39 5 0
github.com/pingcap/pd/tools/pd-ctl/pdctl/command/operator.go:335.20,338.3 2 0
github.com/pingcap/pd/tools/pd-ctl/pdctl/command/operator.go:341.16,344.3 2 0
github.com/pingcap/pd/tools/pd-ctl/pdctl/command/operator.go:348.29,349.8 1 0
github.com/pingcap/pd/tools/pd-ctl/pdctl/command/operator.go:350.10,352.9 2 0
github.com/pingcap/pd/tools/pd-ctl/pdctl/command/operator.go:363.47,370.2 2 1
github.com/pingcap/pd/tools/pd-ctl/pdctl/command/operator.go:372.66,373.20 1 0
github.com/pingcap/pd/tools/pd-ctl/pdctl/command/operator.go:378.2,379.16 2 0
github.com/pingcap/pd/tools/pd-ctl/pdctl/command/operator.go:384.2,387.39 4 0
github.com/pingcap/pd/tools/pd-ctl/pdctl/command/operator.go:373.20,376.3 2 0
github.com/pingcap/pd/tools/pd-ctl/pdctl/command/operator.go:379.16,382.3 2 0
github.com/pingcap/pd/tools/pd-ctl/pdctl/command/operator.go:391.48,398.2 2 1
github.com/pingcap/pd/tools/pd-ctl/pdctl/command/operator.go:400.67,401.20 1 0
github.com/pingcap/pd/tools/pd-ctl/pdctl/command/operator.go:406.2,408.16 3 0
github.com/pingcap/pd/tools/pd-ctl/pdctl/command/operator.go:401.20,404.3 2 0
github.com/pingcap/pd/tools/pd-ctl/pdctl/command/operator.go:408.16,411.3 2 0
github.com/pingcap/pd/tools/pd-ctl/pdctl/command/operator.go:414.52,416.27 2 1
github.com/pingcap/pd/tools/pd-ctl/pdctl/command/operator.go:423.2,423.21 1 1
github.com/pingcap/pd/tools/pd-ctl/pdctl/command/operator.go:416.27,418.17 2 1
github.com/pingcap/pd/tools/pd-ctl/pdctl/command/operator.go:421.3,421.31 1 1
github.com/pingcap/pd/tools/pd-ctl/pdctl/command/operator.go:418.17,420.4 1 0
github.com/pingcap/pd/tools/pd-ctl/pdctl/command/scheduler.go:30.43,42.2 6 1
github.com/pingcap/pd/tools/pd-ctl/pdctl/command/scheduler.go:44.60,51.2 2 1
github.com/pingcap/pd/tools/pd-ctl/pdctl/command/scheduler.go:53.79,54.20 1 0
github.com/pingcap/pd/tools/pd-ctl/pdctl/command/scheduler.go:58.2,59.16 2 0
github.com/pingcap/pd/tools/pd-ctl/pdctl/command/scheduler.go:63.2,69.16 6 0
github.com/pingcap/pd/tools/pd-ctl/pdctl/command/scheduler.go:73.2,74.38 2 0
github.com/pingcap/pd/tools/pd-ctl/pdctl/command/scheduler.go:54.20,57.3 2 0
github.com/pingcap/pd/tools/pd-ctl/pdctl/command/scheduler.go:59.16,62.3 2 0
github.com/pingcap/pd/tools/pd-ctl/pdctl/command/scheduler.go:69.16,72.3 2 0
github.com/pingcap/pd/tools/pd-ctl/pdctl/command/scheduler.go:78.47,85.2 2 1
github.com/pingcap/pd/tools/pd-ctl/pdctl/command/scheduler.go:87.66,88.20 1 1
github.com/pingcap/pd/tools/pd-ctl/pdctl/command/scheduler.go:93.2,94.16 2 1
github.com/pingcap/pd/tools/pd-ctl/pdctl/command/scheduler.go:98.2,98.16 1 1
github.com/pingcap/pd/tools/pd-ctl/pdctl/command/scheduler.go:88.20,91.3 2 0
github.com/pingcap/pd/tools/pd-ctl/pdctl/command/scheduler.go:94.16,97.3 2 0
github.com/pingcap/pd/tools/pd-ctl/pdctl/command/scheduler.go:101.49,113.2 8 1
github.com/pingcap/pd/tools/pd-ctl/pdctl/command/scheduler.go:114.56,121.2 2 1
github.com/pingcap/pd/tools/pd-ctl/pdctl/command/scheduler.go:122.79,123.17 1 0
github.com/pingcap/pd/tools/pd-ctl/pdctl/command/scheduler.go:127.2,133.38 7 0
github.com/pingcap/pd/tools/pd-ctl/pdctl/command/scheduler.go:123.17,126.3 2 0
github.com/pingcap/pd/tools/pd-ctl/pdctl/command/scheduler.go:135.59,143.2 3 1
github.com/pingcap/pd/tools/pd-ctl/pdctl/command/scheduler.go:145.46,163.2 14 1
github.com/pingcap/pd/tools/pd-ctl/pdctl/command/scheduler.go:164.82,165.17 1 1
github.com/pingcap/pd/tools/pd-ctl/pdctl/command/scheduler.go:169.2,174.13 6 1
github.com/pingcap/pd/tools/pd-ctl/pdctl/command/scheduler.go:178.2,180.16 3 0
github.com/pingcap/pd/tools/pd-ctl/pdctl/command/scheduler.go:185.2,187.16 3 0
github.com/pingcap/pd/tools/pd-ctl/pdctl/command/scheduler.go:192.2,195.22 4 0
github.com/pingcap/pd/tools/pd-ctl/pdctl/command/scheduler.go:203.2,203.38 1 0
github.com/pingcap/pd/tools/pd-ctl/pdctl/command/scheduler.go:165.17,168.3 2 1
github.com/pingcap/pd/tools/pd-ctl/pdctl/command/scheduler.go:174.13,177.3 2 1
github.com/pingcap/pd/tools/pd-ctl/pdctl/command/scheduler.go:180.16,184.3 3 0
github.com/pingcap/pd/tools/pd-ctl/pdctl/command/scheduler.go:187.16,190.3 2 0
github.com/pingcap/pd/tools/pd-ctl/pdctl/command/scheduler.go:195.22,197.15 2 0
github.com/pingcap/pd/tools/pd-ctl/pdctl/command/scheduler.go:201.3,201.45 1 0
github.com/pingcap/pd/tools/pd-ctl/pdctl/command/scheduler.go:197.15,200.4 2 0
github.com/pingcap/pd/tools/pd-ctl/pdctl/command/scheduler.go:205.43,208.27 3 0
github.com/pingcap/pd/tools/pd-ctl/pdctl/command/scheduler.go:211.2,211.13 1 0
github.com/pingcap/pd/tools/pd-ctl/pdctl/command/scheduler.go:208.27,210.3 1 0
github.com/pingcap/pd/tools/pd-ctl/pdctl/command/scheduler.go:215.53,223.2 2 1
github.com/pingcap/pd/tools/pd-ctl/pdctl/command/scheduler.go:224.73,225.17 1 0
github.com/pingcap/pd/tools/pd-ctl/pdctl/command/scheduler.go:229.2,230.16 2 0
github.com/pingcap/pd/tools/pd-ctl/pdctl/command/scheduler.go:234.2,237.34 4 0
github.com/pingcap/pd/tools/pd-ctl/pdctl/command/scheduler.go:240.2,242.38 3 0
github.com/pingcap/pd/tools/pd-ctl/pdctl/command/scheduler.go:225.17,228.3 2 0
github.com/pingcap/pd/tools/pd-ctl/pdctl/command/scheduler.go:230.16,233.3 2 0
github.com/pingcap/pd/tools/pd-ctl/pdctl/command/scheduler.go:237.34,239.3 1 0
github.com/pingcap/pd/tools/pd-ctl/pdctl/command/scheduler.go:247.54,254.2 2 1
github.com/pingcap/pd/tools/pd-ctl/pdctl/command/scheduler.go:257.81,258.17 1 1
github.com/pingcap/pd/tools/pd-ctl/pdctl/command/scheduler.go:262.2,263.16 2 1
github.com/pingcap/pd/tools/pd-ctl/pdctl/command/scheduler.go:267.2,272.38 6 1
github.com/pingcap/pd/tools/pd-ctl/pdctl/command/scheduler.go:258.17,261.3 2 1
github.com/pingcap/pd/tools/pd-ctl/pdctl/command/scheduler.go:263.16,266.3 2 1
github.com/pingcap/pd/tools/pd-ctl/pdctl/command/scheduler.go:276.57,284.2 2 1
github.com/pingcap/pd/tools/pd-ctl/pdctl/command/scheduler.go:287.75,288.17 1 1
github.com/pingcap/pd/tools/pd-ctl/pdctl/command/scheduler.go:292.2,293.16 2 1
github.com/pingcap/pd/tools/pd-ctl/pdctl/command/scheduler.go:297.2,302.40 5 1
github.com/pingcap/pd/tools/pd-ctl/pdctl/command/scheduler.go:288.17,291.3 2 0
github.com/pingcap/pd/tools/pd-ctl/pdctl/command/scheduler.go:293.16,296.3 2 0
github.com/pingcap/pd/tools/pd-ctl/pdctl/command/scheduler.go:307.54,314.2 2 1
github.com/pingcap/pd/tools/pd-ctl/pdctl/command/scheduler.go:317.54,324.2 2 1
github.com/pingcap/pd/tools/pd-ctl/pdctl/command/scheduler.go:326.73,327.20 1 1
github.com/pingcap/pd/tools/pd-ctl/pdctl/command/scheduler.go:332.2,333.16 2 1
github.com/pingcap/pd/tools/pd-ctl/pdctl/command/scheduler.go:338.2,341.40 4 1
github.com/pingcap/pd/tools/pd-ctl/pdctl/command/scheduler.go:327.20,330.3 2 0
github.com/pingcap/pd/tools/pd-ctl/pdctl/command/scheduler.go:333.16,336.3 2 0
github.com/pingcap/pd/tools/pd-ctl/pdctl/command/scheduler.go:345.56,352.2 2 1
github.com/pingcap/pd/tools/pd-ctl/pdctl/command/scheduler.go:355.56,362.2 2 1
github.com/pingcap/pd/tools/pd-ctl/pdctl/command/scheduler.go:365.59,372.2 2 1
github.com/pingcap/pd/tools/pd-ctl/pdctl/command/scheduler.go:374.84,375.19 1 0
github.com/pingcap/pd/tools/pd-ctl/pdctl/command/scheduler.go:379.2,380.20 2 0
github.com/pingcap/pd/tools/pd-ctl/pdctl/command/scheduler.go:388.2,391.40 4 0
github.com/pingcap/pd/tools/pd-ctl/pdctl/command/scheduler.go:375.19,378.3 2 0
github.com/pingcap/pd/tools/pd-ctl/pdctl/command/scheduler.go:380.20,382.17 2 0
github.com/pingcap/pd/tools/pd-ctl/pdctl/command/scheduler.go:386.3,386.12 1 0
github.com/pingcap/pd/tools/pd-ctl/pdctl/command/scheduler.go:382.17,385.4 2 0
github.com/pingcap/pd/tools/pd-ctl/pdctl/command/scheduler.go:395.56,402.2 2 1
github.com/pingcap/pd/tools/pd-ctl/pdctl/command/scheduler.go:405.56,412.2 2 1
github.com/pingcap/pd/tools/pd-ctl/pdctl/command/scheduler.go:415.59,422.2 2 1
github.com/pingcap/pd/tools/pd-ctl/pdctl/command/scheduler.go:425.54,432.2 2 1
github.com/pingcap/pd/tools/pd-ctl/pdctl/command/scheduler.go:435.48,442.2 2 1
github.com/pingcap/pd/tools/pd-ctl/pdctl/command/scheduler.go:444.65,445.20 1 0
github.com/pingcap/pd/tools/pd-ctl/pdctl/command/scheduler.go:449.2,451.40 3 0
github.com/pingcap/pd/tools/pd-ctl/pdctl/command/scheduler.go:445.20,448.3 2 0
github.com/pingcap/pd/tools/pd-ctl/pdctl/command/scheduler.go:455.55,463.2 3 1
github.com/pingcap/pd/tools/pd-ctl/pdctl/command/scheduler.go:465.80,466.20 1 0
github.com/pingcap/pd/tools/pd-ctl/pdctl/command/scheduler.go:470.2,471.16 2 0
github.com/pingcap/pd/tools/pd-ctl/pdctl/command/scheduler.go:475.2,476.16 2 0
github.com/pingcap/pd/tools/pd-ctl/pdctl/command/scheduler.go:481.2,486.40 6 0
github.com/pingcap/pd/tools/pd-ctl/pdctl/command/scheduler.go:466.20,469.3 2 0
github.com/pingcap/pd/tools/pd-ctl/pdctl/command/scheduler.go:471.16,474.3 2 0
github.com/pingcap/pd/tools/pd-ctl/pdctl/command/scheduler.go:476.16,479.3 2 0
github.com/pingcap/pd/tools/pd-ctl/pdctl/command/scheduler.go:490.64,497.2 2 1
github.com/pingcap/pd/tools/pd-ctl/pdctl/command/scheduler.go:499.89,502.11 3 0
github.com/pingcap/pd/tools/pd-ctl/pdctl/command/scheduler.go:511.2,513.40 2 0
github.com/pingcap/pd/tools/pd-ctl/pdctl/command/scheduler.go:502.11,505.3 2 0
github.com/pingcap/pd/tools/pd-ctl/pdctl/command/scheduler.go:505.8,505.19 1 0
github.com/pingcap/pd/tools/pd-ctl/pdctl/command/scheduler.go:505.19,507.3 1 0
github.com/pingcap/pd/tools/pd-ctl/pdctl/command/scheduler.go:507.8,507.19 1 0
github.com/pingcap/pd/tools/pd-ctl/pdctl/command/scheduler.go:507.19,510.3 2 0
github.com/pingcap/pd/tools/pd-ctl/pdctl/command/scheduler.go:517.49,524.2 2 1
github.com/pingcap/pd/tools/pd-ctl/pdctl/command/scheduler.go:526.68,527.20 1 1
github.com/pingcap/pd/tools/pd-ctl/pdctl/command/scheduler.go:532.2,534.16 3 1
github.com/pingcap/pd/tools/pd-ctl/pdctl/command/scheduler.go:527.20,530.3 2 0
github.com/pingcap/pd/tools/pd-ctl/pdctl/command/scheduler.go:534.16,537.3 2 0
github.com/pingcap/pd/tools/pd-ctl/pdctl/command/exit_command.go:23.38,30.2 2 1
github.com/pingcap/pd/tools/pd-ctl/pdctl/command/exit_command.go:32.57,34.2 1 0
github.com/pingcap/pd/tools/pd-ctl/pdctl/command/label_command.go:29.39,37.2 3 1
github.com/pingcap/pd/tools/pd-ctl/pdctl/command/label_command.go:40.49,47.2 2 1
github.com/pingcap/pd/tools/pd-ctl/pdctl/command/label_command.go:49.63,51.16 2 0
github.com/pingcap/pd/tools/pd-ctl/pdctl/command/label_command.go:55.2,55.16 1 0
github.com/pingcap/pd/tools/pd-ctl/pdctl/command/label_command.go:51.16,54.3 2 0
github.com/pingcap/pd/tools/pd-ctl/pdctl/command/label_command.go:58.44,59.20 1 0
github.com/pingcap/pd/tools/pd-ctl/pdctl/command/label_command.go:62.2,62.16 1 0
github.com/pingcap/pd/tools/pd-ctl/pdctl/command/label_command.go:59.20,61.3 1 0
github.com/pingcap/pd/tools/pd-ctl/pdctl/command/label_command.go:65.72,66.19 1 0
github.com/pingcap/pd/tools/pd-ctl/pdctl/command/label_command.go:70.2,74.16 5 0
github.com/pingcap/pd/tools/pd-ctl/pdctl/command/label_command.go:78.2,78.16 1 0
github.com/pingcap/pd/tools/pd-ctl/pdctl/command/label_command.go:66.19,69.3 2 0
github.com/pingcap/pd/tools/pd-ctl/pdctl/command/label_command.go:74.16,77.3 2 0
github.com/pingcap/pd/tools/pd-ctl/pdctl/command/region_command.go:49.40,112.2 26 1
github.com/pingcap/pd/tools/pd-ctl/pdctl/command/region_command.go:114.63,116.20 2 0
github.com/pingcap/pd/tools/pd-ctl/pdctl/command/region_command.go:123.2,124.16 2 0
github.com/pingcap/pd/tools/pd-ctl/pdctl/command/region_command.go:128.2,128.70 1 0
github.com/pingcap/pd/tools/pd-ctl/pdctl/command/region_command.go:133.2,133.16 1 0
github.com/pingcap/pd/tools/pd-ctl/pdctl/command/region_command.go:116.20,117.50 1 0
github.com/pingcap/pd/tools/pd-ctl/pdctl/command/region_command.go:121.3,121.42 1 0
github.com/pingcap/pd/tools/pd-ctl/pdctl/command/region_command.go:117.50,120.4 2 0
github.com/pingcap/pd/tools/pd-ctl/pdctl/command/region_command.go:124.16,127.3 2 0
github.com/pingcap/pd/tools/pd-ctl/pdctl/command/region_command.go:128.70,131.3 2 0
github.com/pingcap/pd/tools/pd-ctl/pdctl/command/region_command.go:136.63,139.6 3 0
github.com/pingcap/pd/tools/pd-ctl/pdctl/command/region_command.go:139.6,142.17 3 0
github.com/pingcap/pd/tools/pd-ctl/pdctl/command/region_command.go:147.3,147.71 1 0
github.com/pingcap/pd/tools/pd-ctl/pdctl/command/region_command.go:154.3,161.60 3 0
github.com/pingcap/pd/tools/pd-ctl/pdctl/command/region_command.go:165.3,165.32 1 0
github.com/pingcap/pd/tools/pd-ctl/pdctl/command/region_command.go:169.3,170.23 2 0
github.com/pingcap/pd/tools/pd-ctl/pdctl/command/region_command.go:174.3,175.17 2 0
github.com/pingcap/pd/tools/pd-ctl/pdctl/command/region_command.go:142.17,145.4 2 0
github.com/pingcap/pd/tools/pd-ctl/pdctl/command/region_command.go:147.71,149.4 1 0
github.com/pingcap/pd/tools/pd-ctl/pdctl/command/region_command.go:149.9,151.4 1 0
github.com/pingcap/pd/tools/pd-ctl/pdctl/command/region_command.go:161.60,164.4 2 0
github.com/pingcap/pd/tools/pd-ctl/pdctl/command/region_command.go:165.32,167.4 1 0
github.com/pingcap/pd/tools/pd-ctl/pdctl/command/region_command.go:170.23,172.4 1 0
github.com/pingcap/pd/tools/pd-ctl/pdctl/command/region_command.go:175.17,178.4 2 0
github.com/pingcap/pd/tools/pd-ctl/pdctl/command/region_command.go:182.71,184.20 2 0
github.com/pingcap/pd/tools/pd-ctl/pdctl/command/region_command.go:191.2,192.16 2 0
github.com/pingcap/pd/tools/pd-ctl/pdctl/command/region_command.go:196.2,196.70 1 0
github.com/pingcap/pd/tools/pd-ctl/pdctl/command/region_command.go:200.2,200.16 1 0
github.com/pingcap/pd/tools/pd-ctl/pdctl/command/region_command.go:184.20,185.50 1 0
github.com/pingcap/pd/tools/pd-ctl/pdctl/command/region_command.go:189.3,189.32 1 0
github.com/pingcap/pd/tools/pd-ctl/pdctl/command/region_command.go:185.50,188.4 2 0
github.com/pingcap/pd/tools/pd-ctl/pdctl/command/region_command.go:192.16,195.3 2 0
github.com/pingcap/pd/tools/pd-ctl/pdctl/command/region_command.go:196.70,199.3 2 0
github.com/pingcap/pd/tools/pd-ctl/pdctl/command/region_command.go:203.70,205.20 2 0
github.com/pingcap/pd/tools/pd-ctl/pdctl/command/region_command.go:212.2,213.16 2 0
github.com/pingcap/pd/tools/pd-ctl/pdctl/command/region_command.go:217.2,217.70 1 0
github.com/pingcap/pd/tools/pd-ctl/pdctl/command/region_command.go:221.2,221.16 1 0
github.com/pingcap/pd/tools/pd-ctl/pdctl/command/region_command.go:205.20,206.50 1 0
github.com/pingcap/pd/tools/pd-ctl/pdctl/command/region_command.go:210.3,210.32 1 0
github.com/pingcap/pd/tools/pd-ctl/pdctl/command/region_command.go:206.50,209.4 2 0
github.com/pingcap/pd/tools/pd-ctl/pdctl/command/region_command.go:213.16,216.3 2 0
github.com/pingcap/pd/tools/pd-ctl/pdctl/command/region_command.go:217.70,220.3 2 0
github.com/pingcap/pd/tools/pd-ctl/pdctl/command/region_command.go:224.73,226.20 2 0
github.com/pingcap/pd/tools/pd-ctl/pdctl/command/region_command.go:233.2,234.16 2 0
github.com/pingcap/pd/tools/pd-ctl/pdctl/command/region_command.go:238.2,238.70 1 0
github.com/pingcap/pd/tools/pd-ctl/pdctl/command/region_command.go:242.2,242.16 1 0
github.com/pingcap/pd/tools/pd-ctl/pdctl/command/region_command.go:226.20,227.50 1 0
github.com/pingcap/pd/tools/pd-ctl/pdctl/command/region_command.go:231.3,231.32 1 0
github.com/pingcap/pd/tools/pd-ctl/pdctl/command/region_command.go:227.50,230.4 2 0
github.com/pingcap/pd/tools/pd-ctl/pdctl/command/region_command.go:234.16,237.3 2 0
github.com/pingcap/pd/tools/pd-ctl/pdctl/command/region_command.go:238.70,241.3 2 0
github.com/pingcap/pd/tools/pd-ctl/pdctl/command/region_command.go:245.73,247.20 2 0
github.com/pingcap/pd/tools/pd-ctl/pdctl/command/region_command.go:254.2,255.16 2 0
github.com/pingcap/pd/tools/pd-ctl/pdctl/command/region_command.go:259.2,259.70 1 0
github.com/pingcap/pd/tools/pd-ctl/pdctl/command/region_command.go:263.2,263.16 1 0
github.com/pingcap/pd/tools/pd-ctl/pdctl/command/region_command.go:247.20,248.50 1 0
github.com/pingcap/pd/tools/pd-ctl/pdctl/command/region_command.go:252.3,252.32 1 0
github.com/pingcap/pd/tools/pd-ctl/pdctl/command/region_command.go:248.50,251.4 2 0
github.com/pingcap/pd/tools/pd-ctl/pdctl/command/region_command.go:255.16,258.3 2 0
github.com/pingcap/pd/tools/pd-ctl/pdctl/command/region_command.go:259.70,262.3 2 0
github.com/pingcap/pd/tools/pd-ctl/pdctl/command/region_command.go:266.70,268.20 2 0
github.com/pingcap/pd/tools/pd-ctl/pdctl/command/region_command.go:275.2,276.16 2 0
github.com/pingcap/pd/tools/pd-ctl/pdctl/command/region_command.go:280.2,280.70 1 0
github.com/pingcap/pd/tools/pd-ctl/pdctl/command/region_command.go:284.2,284.16 1 0
github.com/pingcap/pd/tools/pd-ctl/pdctl/command/region_command.go:268.20,269.50 1 0
github.com/pingcap/pd/tools/pd-ctl/pdctl/command/region_command.go:273.3,273.32 1 0
github.com/pingcap/pd/tools/pd-ctl/pdctl/command/region_command.go:269.50,272.4 2 0
github.com/pingcap/pd/tools/pd-ctl/pdctl/command/region_command.go:276.16,279.3 2 0
github.com/pingcap/pd/tools/pd-ctl/pdctl/command/region_command.go:280.70,283.3 2 0
github.com/pingcap/pd/tools/pd-ctl/pdctl/command/region_command.go:288.47,296.2 3 1
github.com/pingcap/pd/tools/pd-ctl/pdctl/command/region_command.go:298.72,299.20 1 0
github.com/pingcap/pd/tools/pd-ctl/pdctl/command/region_command.go:303.2,304.16 2 0
github.com/pingcap/pd/tools/pd-ctl/pdctl/command/region_command.go:308.2,311.16 4 0
github.com/pingcap/pd/tools/pd-ctl/pdctl/command/region_command.go:315.2,315.16 1 0
github.com/pingcap/pd/tools/pd-ctl/pdctl/command/region_command.go:299.20,302.3 2 0
github.com/pingcap/pd/tools/pd-ctl/pdctl/command/region_command.go:304.16,307.3 2 0
github.com/pingcap/pd/tools/pd-ctl/pdctl/command/region_command.go:311.16,314.3 2 0
github.com/pingcap/pd/tools/pd-ctl/pdctl/command/region_command.go:318.65,319.47 1 1
github.com/pingcap/pd/tools/pd-ctl/pdctl/command/region_command.go:331.2,331.41 1 0
github.com/pingcap/pd/tools/pd-ctl/pdctl/command/region_command.go:320.13,321.18 1 0
github.com/pingcap/pd/tools/pd-ctl/pdctl/command/region_command.go:322.16,323.24 1 0
github.com/pingcap/pd/tools/pd-ctl/pdctl/command/region_command.go:324.13,326.17 2 1
github.com/pingcap/pd/tools/pd-ctl/pdctl/command/region_command.go:329.3,329.26 1 0
github.com/pingcap/pd/tools/pd-ctl/pdctl/command/region_command.go:326.17,328.4 1 1
github.com/pingcap/pd/tools/pd-ctl/pdctl/command/region_command.go:334.45,337.6 3 0
github.com/pingcap/pd/tools/pd-ctl/pdctl/command/region_command.go:372.2,372.25 1 0
github.com/pingcap/pd/tools/pd-ctl/pdctl/command/region_command.go:337.6,339.17 2 0
github.com/pingcap/pd/tools/pd-ctl/pdctl/command/region_command.go:345.3,345.16 1 0
github.com/pingcap/pd/tools/pd-ctl/pdctl/command/region_command.go:349.3,350.18 2 0
github.com/pingcap/pd/tools/pd-ctl/pdctl/command/region_command.go:354.3,354.62 1 0
github.com/pingcap/pd/tools/pd-ctl/pdctl/command/region_command.go:359.3,359.15 1 0
github.com/pingcap/pd/tools/pd-ctl/pdctl/command/region_command.go:339.17,340.21 1 0
github.com/pingcap/pd/tools/pd-ctl/pdctl/command/region_command.go:343.4,343.9 1 0
github.com/pingcap/pd/tools/pd-ctl/pdctl/command/region_command.go:340.21,342.5 1 0
github.com/pingcap/pd/tools/pd-ctl/pdctl/command/region_command.go:345.16,347.12 2 0
github.com/pingcap/pd/tools/pd-ctl/pdctl/command/region_command.go:350.18,352.4 1 0
github.com/pingcap/pd/tools/pd-ctl/pdctl/command/region_command.go:354.62,356.12 2 0
github.com/pingcap/pd/tools/pd-ctl/pdctl/command/region_command.go:360.12,362.24 2 0
github.com/pingcap/pd/tools/pd-ctl/pdctl/command/region_command.go:363.11,366.18 3 0
github.com/pingcap/pd/tools/pd-ctl/pdctl/command/region_command.go:369.4,369.24 1 0
github.com/pingcap/pd/tools/pd-ctl/pdctl/command/region_command.go:366.18,368.5 1 0
github.com/pingcap/pd/tools/pd-ctl/pdctl/command/region_command.go:376.53,385.2 3 1
github.com/pingcap/pd/tools/pd-ctl/pdctl/command/region_command.go:387.76,388.36 1 0
github.com/pingcap/pd/tools/pd-ctl/pdctl/command/region_command.go:392.2,393.16 2 0
github.com/pingcap/pd/tools/pd-ctl/pdctl/command/region_command.go:397.2,399.20 3 0
github.com/pingcap/pd/tools/pd-ctl/pdctl/command/region_command.go:406.2,407.16 2 0
github.com/pingcap/pd/tools/pd-ctl/pdctl/command/region_command.go:411.2,411.16 1 0
github.com/pingcap/pd/tools/pd-ctl/pdctl/command/region_command.go:388.36,391.3 2 0
github.com/pingcap/pd/tools/pd-ctl/pdctl/command/region_command.go:393.16,396.3 2 0
github.com/pingcap/pd/tools/pd-ctl/pdctl/command/region_command.go:399.20,400.49 1 0
github.com/pingcap/pd/tools/pd-ctl/pdctl/command/region_command.go:404.3,404.32 1 0
github.com/pingcap/pd/tools/pd-ctl/pdctl/command/region_command.go:400.49,403.4 2 0
github.com/pingcap/pd/tools/pd-ctl/pdctl/command/region_command.go:407.16,410.3 2 0
github.com/pingcap/pd/tools/pd-ctl/pdctl/command/region_command.go:415.49,422.2 2 1
github.com/pingcap/pd/tools/pd-ctl/pdctl/command/region_command.go:424.72,425.20 1 0
github.com/pingcap/pd/tools/pd-ctl/pdctl/command/region_command.go:429.2,432.16 4 0
github.com/pingcap/pd/tools/pd-ctl/pdctl/command/region_command.go:436.2,436.16 1 0
github.com/pingcap/pd/tools/pd-ctl/pdctl/command/region_command.go:425.20,428.3 2 0
github.com/pingcap/pd/tools/pd-ctl/pdctl/command/region_command.go:432.16,435.3 2 0
github.com/pingcap/pd/tools/pd-ctl/pdctl/command/region_command.go:440.51,447.2 2 1
github.com/pingcap/pd/tools/pd-ctl/pdctl/command/region_command.go:449.74,450.20 1 0
github.com/pingcap/pd/tools/pd-ctl/pdctl/command/region_command.go:454.2,457.16 4 0
github.com/pingcap/pd/tools/pd-ctl/pdctl/command/region_command.go:461.2,461.16 1 0
github.com/pingcap/pd/tools/pd-ctl/pdctl/command/region_command.go:450.20,453.3 2 0
github.com/pingcap/pd/tools/pd-ctl/pdctl/command/region_command.go:457.16,460.3 2 0
github.com/pingcap/pd/tools/pd-ctl/pdctl/command/region_command.go:465.49,472.2 2 1
github.com/pingcap/pd/tools/pd-ctl/pdctl/command/region_command.go:474.72,475.20 1 0
github.com/pingcap/pd/tools/pd-ctl/pdctl/command/region_command.go:479.2,482.16 4 0
github.com/pingcap/pd/tools/pd-ctl/pdctl/command/region_command.go:486.2,486.16 1 0
github.com/pingcap/pd/tools/pd-ctl/pdctl/command/region_command.go:475.20,478.3 2 0
github.com/pingcap/pd/tools/pd-ctl/pdctl/command/region_command.go:482.16,485.3 2 0
github.com/pingcap/pd/tools/pd-ctl/pdctl/command/region_command.go:489.45,492.16 3 0
github.com/pingcap/pd/tools/pd-ctl/pdctl/command/region_command.go:497.2,497.12 1 0
github.com/pingcap/pd/tools/pd-ctl/pdctl/command/region_command.go:505.2,506.16 2 0
github.com/pingcap/pd/tools/pd-ctl/pdctl/command/region_command.go:511.2,511.25 1 0
github.com/pingcap/pd/tools/pd-ctl/pdctl/command/region_command.go:492.16,495.3 2 0
github.com/pingcap/pd/tools/pd-ctl/pdctl/command/region_command.go:497.12,500.17 3 0
github.com/pingcap/pd/tools/pd-ctl/pdctl/command/region_command.go:500.17,502.4 1 0
github.com/pingcap/pd/tools/pd-ctl/pdctl/command/region_command.go:506.16,509.3 2 0
github.com/pingcap/pd/tools/pd-ctl/pdctl/command/store_command.go:32.39,44.2 7 1
github.com/pingcap/pd/tools/pd-ctl/pdctl/command/store_command.go:47.51,54.2 2 1
github.com/pingcap/pd/tools/pd-ctl/pdctl/command/store_command.go:57.45,65.2 3 1
github.com/pingcap/pd/tools/pd-ctl/pdctl/command/store_command.go:68.44,75.2 2 1
github.com/pingcap/pd/tools/pd-ctl/pdctl/command/store_command.go:78.48,84.2 1 1
github.com/pingcap/pd/tools/pd-ctl/pdctl/command/store_command.go:87.47,93.2 1 1
github.com/pingcap/pd/tools/pd-ctl/pdctl/command/store_command.go:96.40,106.2 6 1
github.com/pingcap/pd/tools/pd-ctl/pdctl/command/store_command.go:109.49,115.2 1 1
github.com/pingcap/pd/tools/pd-ctl/pdctl/command/store_command.go:118.44,126.2 3 1
github.com/pingcap/pd/tools/pd-ctl/pdctl/command/store_command.go:129.46,136.2 2 1
github.com/pingcap/pd/tools/pd-ctl/pdctl/command/store_command.go:139.43,146.2 3 1
github.com/pingcap/pd/tools/pd-ctl/pdctl/command/store_command.go:149.45,155.2 1 1
github.com/pingcap/pd/tools/pd-ctl/pdctl/command/store_command.go:157.62,159.20 2 0
github.com/pingcap/pd/tools/pd-ctl/pdctl/command/store_command.go:166.2,167.16 2 0
github.com/pingcap/pd/tools/pd-ctl/pdctl/command/store_command.go:171.2,171.70 1 0
github.com/pingcap/pd/tools/pd-ctl/pdctl/command/store_command.go:175.2,175.16 1 0
github.com/pingcap/pd/tools/pd-ctl/pdctl/command/store_command.go:159.20,160.50 1 0
github.com/pingcap/pd/tools/pd-ctl/pdctl/command/store_command.go:164.3,164.45 1 0
github.com/pingcap/pd/tools/pd-ctl/pdctl/command/store_command.go:160.50,163.4 2 0
github.com/pingcap/pd/tools/pd-ctl/pdctl/command/store_command.go:167.16,170.3 2 0
github.com/pingcap/pd/tools/pd-ctl/pdctl/command/store_command.go:171.70,174.3 2 0
github.com/pingcap/pd/tools/pd-ctl/pdctl/command/store_command.go:178.64,179.20 1 0
github.com/pingcap/pd/tools/pd-ctl/pdctl/command/store_command.go:183.2,183.49 1 0
github.com/pingcap/pd/tools/pd-ctl/pdctl/command/store_command.go:187.2,189.16 3 0
github.com/pingcap/pd/tools/pd-ctl/pdctl/command/store_command.go:193.2,193.25 1 0
github.com/pingcap/pd/tools/pd-ctl/pdctl/command/store_command.go:179.20,182.3 2 0
github.com/pingcap/pd/tools/pd-ctl/pdctl/command/store_command.go:183.49,186.3 2 0
github.com/pingcap/pd/tools/pd-ctl/pdctl/command/store_command.go:189.16,192.3 2 0
github.com/pingcap/pd/tools/pd-ctl/pdctl/command/store_command.go:196.70,197.20 1 0
github.com/pingcap/pd/tools/pd-ctl/pdctl/command/store_command.go:201.2,205.16 3 0
github.com/pingcap/pd/tools/pd-ctl/pdctl/command/store_command.go:210.2,218.61 2 0
github.com/pingcap/pd/tools/pd-ctl/pdctl/command/store_command.go:224.2,225.41 2 0
github.com/pingcap/pd/tools/pd-ctl/pdctl/command/store_command.go:232.2,232.14 1 0
github.com/pingcap/pd/tools/pd-ctl/pdctl/command/store_command.go:238.2,240.16 3 0
github.com/pingcap/pd/tools/pd-ctl/pdctl/command/store_command.go:244.2,244.25 1 0
github.com/pingcap/pd/tools/pd-ctl/pdctl/command/store_command.go:197.20,200.3 2 0
github.com/pingcap/pd/tools/pd-ctl/pdctl/command/store_command.go:205.16,208.3 2 0
github.com/pingcap/pd/tools/pd-ctl/pdctl/command/store_command.go:218.61,221.3 2 0
github.com/pingcap/pd/tools/pd-ctl/pdctl/command/store_command.go:225.41,226.34 1 0
github.com/pingcap/pd/tools/pd-ctl/pdctl/command/store_command.go:226.34,228.9 2 0
github.com/pingcap/pd/tools/pd-ctl/pdctl/command/store_command.go:232.14,235.3 2 0
github.com/pingcap/pd/tools/pd-ctl/pdctl/command/store_command.go:240.16,243.3 2 0
github.com/pingcap/pd/tools/pd-ctl/pdctl/command/store_command.go:247.63,248.20 1 0
github.com/pingcap/pd/tools/pd-ctl/pdctl/command/store_command.go:252.2,252.49 1 0
github.com/pingcap/pd/tools/pd-ctl/pdctl/command/store_command.go:256.2,257.65 2 0
github.com/pingcap/pd/tools/pd-ctl/pdctl/command/store_command.go:248.20,251.3 2 0
github.com/pingcap/pd/tools/pd-ctl/pdctl/command/store_command.go:252.49,255.3 2 0
github.com/pingcap/pd/tools/pd-ctl/pdctl/command/store_command.go:260.67,261.20 1 0
github.com/pingcap/pd/tools/pd-ctl/pdctl/command/store_command.go:265.2,266.30 2 0
github.com/pingcap/pd/tools/pd-ctl/pdctl/command/store_command.go:270.2,271.30 2 0
github.com/pingcap/pd/tools/pd-ctl/pdctl/command/store_command.go:275.2,279.4 2 0
github.com/pingcap/pd/tools/pd-ctl/pdctl/command/store_command.go:261.20,264.3 2 0
github.com/pingcap/pd/tools/pd-ctl/pdctl/command/store_command.go:266.30,269.3 2 0
github.com/pingcap/pd/tools/pd-ctl/pdctl/command/store_command.go:271.30,274.3 2 0
github.com/pingcap/pd/tools/pd-ctl/pdctl/command/store_command.go:282.66,283.20 1 0
github.com/pingcap/pd/tools/pd-ctl/pdctl/command/store_command.go:287.2,288.28 2 0
github.com/pingcap/pd/tools/pd-ctl/pdctl/command/store_command.go:292.2,295.4 2 0
github.com/pingcap/pd/tools/pd-ctl/pdctl/command/store_command.go:283.20,286.3 2 0
github.com/pingcap/pd/tools/pd-ctl/pdctl/command/store_command.go:288.28,291.3 2 0
github.com/pingcap/pd/tools/pd-ctl/pdctl/command/store_command.go:298.63,301.16 3 0
github.com/pingcap/pd/tools/pd-ctl/pdctl/command/store_command.go:305.2,305.70 1 0
github.com/pingcap/pd/tools/pd-ctl/pdctl/command/store_command.go:309.2,309.16 1 0
github.com/pingcap/pd/tools/pd-ctl/pdctl/command/store_command.go:301.16,304.3 2 0
github.com/pingcap/pd/tools/pd-ctl/pdctl/command/store_command.go:305.70,308.3 2 0
github.com/pingcap/pd/tools/pd-ctl/pdctl/command/store_command.go:312.65,315.16 3 0
github.com/pingcap/pd/tools/pd-ctl/pdctl/command/store_command.go:319.2,319.16 1 0
github.com/pingcap/pd/tools/pd-ctl/pdctl/command/store_command.go:315.16,318.3 2 0
github.com/pingcap/pd/tools/pd-ctl/pdctl/command/store_command.go:322.68,325.16 3 0
github.com/pingcap/pd/tools/pd-ctl/pdctl/command/store_command.go:329.2,329.25 1 0
github.com/pingcap/pd/tools/pd-ctl/pdctl/command/store_command.go:325.16,328.3 2 0
github.com/pingcap/pd/tools/pd-ctl/pdctl/command/store_command.go:332.64,333.20 1 0
github.com/pingcap/pd/tools/pd-ctl/pdctl/command/store_command.go:337.2,338.28 2 0
github.com/pingcap/pd/tools/pd-ctl/pdctl/command/store_command.go:342.2,345.4 2 0
github.com/pingcap/pd/tools/pd-ctl/pdctl/command/store_command.go:333.20,336.3 2 0
github.com/pingcap/pd/tools/pd-ctl/pdctl/command/store_command.go:338.28,341.3 2 0
github.com/pingcap/pd/tools/pd-ctl/pdctl/command/tso_command.go:29.37,36.2 2 1
github.com/pingcap/pd/tools/pd-ctl/pdctl/command/tso_command.go:38.60,39.20 1 0
github.com/pingcap/pd/tools/pd-ctl/pdctl/command/tso_command.go:43.2,44.16 2 0
github.com/pingcap/pd/tools/pd-ctl/pdctl/command/tso_command.go:48.2,52.33 5 0
github.com/pingcap/pd/tools/pd-ctl/pdctl/command/tso_command.go:39.20,42.3 2 0
github.com/pingcap/pd/tools/pd-ctl/pdctl/command/tso_command.go:44.16,47.3 2 0
github.com/pingcap/pd/tools/pd-ctl/pdctl/command/hot_command.go:29.41,38.2 5 1
github.com/pingcap/pd/tools/pd-ctl/pdctl/command/hot_command.go:41.48,48.2 2 1
github.com/pingcap/pd/tools/pd-ctl/pdctl/command/hot_command.go:50.72,52.16 2 0
github.com/pingcap/pd/tools/pd-ctl/pdctl/command/hot_command.go:56.2,56.16 1 0
github.com/pingcap/pd/tools/pd-ctl/pdctl/command/hot_command.go:52.16,55.3 2 0
github.com/pingcap/pd/tools/pd-ctl/pdctl/command/hot_command.go:60.47,67.2 2 1
github.com/pingcap/pd/tools/pd-ctl/pdctl/command/hot_command.go:69.71,71.16 2 0
github.com/pingcap/pd/tools/pd-ctl/pdctl/command/hot_command.go:75.2,75.16 1 0
github.com/pingcap/pd/tools/pd-ctl/pdctl/command/hot_command.go:71.16,74.3 2 0
github.com/pingcap/pd/tools/pd-ctl/pdctl/command/hot_command.go:79.42,86.2 2 1
github.com/pingcap/pd/tools/pd-ctl/pdctl/command/hot_command.go:88.66,90.16 2 0
github.com/pingcap/pd/tools/pd-ctl/pdctl/command/hot_command.go:94.2,94.16 1 0
github.com/pingcap/pd/tools/pd-ctl/pdctl/command/hot_command.go:90.16,93.3 2 0
github.com/pingcap/pd/tools/pd-ctl/pdctl/command/member_command.go:31.40,46.2 5 1
github.com/pingcap/pd/tools/pd-ctl/pdctl/command/member_command.go:49.46,65.2 4 1
github.com/pingcap/pd/tools/pd-ctl/pdctl/command/member_command.go:68.46,89.2 5 1
github.com/pingcap/pd/tools/pd-ctl/pdctl/command/member_command.go:91.63,93.16 2 0
github.com/pingcap/pd/tools/pd-ctl/pdctl/command/member_command.go:97.2,97.16 1 0
github.com/pingcap/pd/tools/pd-ctl/pdctl/command/member_command.go:93.16,96.3 2 0
github.com/pingcap/pd/tools/pd-ctl/pdctl/command/member_command.go:100.71,101.20 1 0
github.com/pingcap/pd/tools/pd-ctl/pdctl/command/member_command.go:105.2,107.16 3 0
github.com/pingcap/pd/tools/pd-ctl/pdctl/command/member_command.go:111.2,111.25 1 0
github.com/pingcap/pd/tools/pd-ctl/pdctl/command/member_command.go:101.20,104.3 2 0
github.com/pingcap/pd/tools/pd-ctl/pdctl/command/member_command.go:107.16,110.3 2 0
github.com/pingcap/pd/tools/pd-ctl/pdctl/command/member_command.go:114.69,115.20 1 0
github.com/pingcap/pd/tools/pd-ctl/pdctl/command/member_command.go:119.2,121.16 3 0
github.com/pingcap/pd/tools/pd-ctl/pdctl/command/member_command.go:125.2,125.25 1 0
github.com/pingcap/pd/tools/pd-ctl/pdctl/command/member_command.go:115.20,118.3 2 0
github.com/pingcap/pd/tools/pd-ctl/pdctl/command/member_command.go:121.16,124.3 2 0
github.com/pingcap/pd/tools/pd-ctl/pdctl/command/member_command.go:128.68,130.16 2 0
github.com/pingcap/pd/tools/pd-ctl/pdctl/command/member_command.go:134.2,134.16 1 0
github.com/pingcap/pd/tools/pd-ctl/pdctl/command/member_command.go:130.16,133.3 2 0
github.com/pingcap/pd/tools/pd-ctl/pdctl/command/member_command.go:137.65,140.16 3 0
github.com/pingcap/pd/tools/pd-ctl/pdctl/command/member_command.go:144.2,144.25 1 0
github.com/pingcap/pd/tools/pd-ctl/pdctl/command/member_command.go:140.16,143.3 2 0
github.com/pingcap/pd/tools/pd-ctl/pdctl/command/member_command.go:147.69,148.20 1 0
github.com/pingcap/pd/tools/pd-ctl/pdctl/command/member_command.go:152.2,154.16 3 0
github.com/pingcap/pd/tools/pd-ctl/pdctl/command/member_command.go:158.2,158.25 1 0
github.com/pingcap/pd/tools/pd-ctl/pdctl/command/member_command.go:148.20,151.3 2 0
github.com/pingcap/pd/tools/pd-ctl/pdctl/command/member_command.go:154.16,157.3 2 0
github.com/pingcap/pd/tools/pd-ctl/pdctl/command/member_command.go:161.63,162.20 1 0
github.com/pingcap/pd/tools/pd-ctl/pdctl/command/member_command.go:166.2,168.16 3 0
github.com/pingcap/pd/tools/pd-ctl/pdctl/command/member_command.go:172.2,175.16 4 0
github.com/pingcap/pd/tools/pd-ctl/pdctl/command/member_command.go:179.2,179.25 1 0
github.com/pingcap/pd/tools/pd-ctl/pdctl/command/member_command.go:162.20,165.3 2 0
github.com/pingcap/pd/tools/pd-ctl/pdctl/command/member_command.go:168.16,171.3 2 0
github.com/pingcap/pd/tools/pd-ctl/pdctl/command/member_command.go:175.16,178.3 2 0
